#
# There is insufficient memory for the Java Runtime Environment to continue.
# Native memory allocation (mmap) failed to map 302514176 bytes for committing reserved memory.
# Possible reasons:
#   The system is out of physical RAM or swap space
#   The process is running with CompressedOops enabled, and the Java Heap may be blocking the growth of the native heap
# Possible solutions:
#   Reduce memory load on the system
#   Increase physical memory or swap space
#   Check if swap backing store is full
#   Decrease Java heap size (-Xmx/-Xms)
#   Decrease number of Java threads
#   Decrease Java thread stack sizes (-Xss)
#   Set larger code cache with -XX:ReservedCodeCacheSize=
#   JVM is running with Unscaled Compressed Oops mode in which the Java heap is
#     placed in the first 4GB address space. The Java Heap base address is the
#     maximum limit for the native heap growth. Please use -XX:HeapBaseMinAddress
#     to set the Java Heap base and to place the Java Heap above 4GB virtual address.
# This output file may be truncated or incomplete.
#
#  Out of Memory Error (os_linux.cpp:2763), pid=12668, tid=0x00007f4ac1144700
#
# JRE version: OpenJDK Runtime Environment (8.0_252-b09) (build 1.8.0_252-b09)
# Java VM: OpenJDK 64-Bit Server VM (25.252-b09 mixed mode linux-amd64 compressed oops)
# Failed to write core dump. Core dumps have been disabled. To enable core dumping, try "ulimit -c unlimited" before starting Java again
#

---------------  T H R E A D  ---------------

Current thread (0x00007f4ab804a800):  JavaThread "main" [_thread_in_vm, id=12670, stack(0x00007f4ac1045000,0x00007f4ac1145000)]

Stack: [0x00007f4ac1045000,0x00007f4ac1145000],  sp=0x00007f4ac11432b0,  free space=1016k
Native frames: (J=compiled Java code, j=interpreted, Vv=VM code, C=native code)
V  [libjvm.so+0xadf8ed]  VMError::report_and_die()+0x15d
V  [libjvm.so+0x4f4c6a]  report_vm_out_of_memory(char const*, int, unsigned long, VMErrorType, char const*)+0xaa
V  [libjvm.so+0x8c32f8]  os::pd_commit_memory(char*, unsigned long, unsigned long, bool)+0xd8
V  [libjvm.so+0x8ba5fe]  os::commit_memory(char*, unsigned long, unsigned long, bool)+0x2e
V  [libjvm.so+0x936deb]  PSVirtualSpace::expand_by(unsigned long)+0x5b
V  [libjvm.so+0x92760a]  PSOldGen::expand_by(unsigned long) [clone .part.113]+0x2a
V  [libjvm.so+0x9277db]  PSOldGen::expand(unsigned long) [clone .part.115]+0xdb
V  [libjvm.so+0x927a68]  PSOldGen::allocate(unsigned long)+0xf8
V  [libjvm.so+0x8e7110]  ParallelScavengeHeap::mem_allocate(unsigned long, bool*)+0x1d0
V  [libjvm.so+0xaa48d0]  TypeArrayKlass::allocate_common(int, bool, Thread*)+0x240
V  [libjvm.so+0x95edd6]  OptoRuntime::new_array_nozero_C(Klass*, int, JavaThread*)+0x26
v  ~RuntimeStub::_new_array_nozero_Java
J 1130% C2 OutputResultSet.addColumn(Ljava/util/List;Ljava/sql/ResultSetMetaData;ILjava/lang/String;Ljava/lang/StringBuffer;)V (162 bytes) @ 0x00007f4aa93a77f8 [0x00007f4aa93a7240+0x5b8]
j  OutputResultSet.printResult(Ljava/sql/ResultSet;Ljava/util/Optional;Z)V+169
j  RunMain.main([Ljava/lang/String;)V+483
v  ~StubRoutines::call_stub
V  [libjvm.so+0x67dd1e]  JavaCalls::call_helper(JavaValue*, methodHandle*, JavaCallArguments*, Thread*)+0xf5e
V  [libjvm.so+0x68e9fa]  jni_invoke_static(JNIEnv_*, JavaValue*, _jobject*, JNICallType, _jmethodID*, JNI_ArgumentPusher*, Thread*) [clone .isra.205]+0x30a
V  [libjvm.so+0x6a2af6]  jni_CallStaticVoidMethod+0x186
C  [libjli.so+0x39c9]  JavaMain+0xa29
C  [libpthread.so.0+0x7ea5]  start_thread+0xc5

Java frames: (J=compiled Java code, j=interpreted, Vv=VM code)
v  ~RuntimeStub::_new_array_nozero_Java
J 1130% C2 OutputResultSet.addColumn(Ljava/util/List;Ljava/sql/ResultSetMetaData;ILjava/lang/String;Ljava/lang/StringBuffer;)V (162 bytes) @ 0x00007f4aa93a77f8 [0x00007f4aa93a7240+0x5b8]
j  OutputResultSet.printResult(Ljava/sql/ResultSet;Ljava/util/Optional;Z)V+169
j  RunMain.main([Ljava/lang/String;)V+483
v  ~StubRoutines::call_stub

---------------  P R O C E S S  ---------------

Java Threads: ( => current thread )
  0x00007f4a64016000 JavaThread "Thread-2" daemon [_thread_blocked, id=12723, stack(0x00007f4a894b8000,0x00007f4a895b9000)]
  0x00007f4ab811d800 JavaThread "Service Thread" daemon [_thread_blocked, id=12680, stack(0x00007f4aa5dba000,0x00007f4aa5ebb000)]
  0x00007f4ab811a800 JavaThread "C1 CompilerThread1" daemon [_thread_blocked, id=12679, stack(0x00007f4aa5ebc000,0x00007f4aa5fbc000)]
  0x00007f4ab810b000 JavaThread "C2 CompilerThread0" daemon [_thread_blocked, id=12678, stack(0x00007f4aa5fbd000,0x00007f4aa60bd000)]
  0x00007f4ab8109000 JavaThread "Signal Dispatcher" daemon [_thread_blocked, id=12677, stack(0x00007f4aa60bd000,0x00007f4aa61be000)]
  0x00007f4ab80df000 JavaThread "Finalizer" daemon [_thread_blocked, id=12676, stack(0x00007f4aa61be000,0x00007f4aa62bf000)]
  0x00007f4ab80da000 JavaThread "Reference Handler" daemon [_thread_blocked, id=12675, stack(0x00007f4aa62bf000,0x00007f4aa63c0000)]
=>0x00007f4ab804a800 JavaThread "main" [_thread_in_vm, id=12670, stack(0x00007f4ac1045000,0x00007f4ac1145000)]

Other Threads:
  0x00007f4ab80d0800 VMThread [stack: 0x00007f4abc052000,0x00007f4abc152000] [id=12674]
  0x00007f4ab811f800 WatcherThread [stack: 0x00007f4aa5cba000,0x00007f4aa5dba000] [id=12681]

VM state:not at safepoint (normal execution)

VM Mutex/Monitor currently owned by a thread:  ([mutex/lock_event])
[0x00007f4ab8048930] ExpandHeap_lock - owner thread: 0x00007f4ab804a800
[0x00007f4ab80494b0] Heap_lock - owner thread: 0x00007f4ab804a800

heap address: 0x00000000a7800000, size: 1416 MB, Compressed Oops mode: 32-bit
Narrow klass base: 0x0000000000000000, Narrow klass shift: 3
Compressed class space size: 1073741824 Address: 0x0000000100000000

Heap:
 PSYoungGen      total 27136K, used 12784K [0x00000000e2800000, 0x00000000e4600000, 0x0000000100000000)
  eden space 23552K, 39% used [0x00000000e2800000,0x00000000e3100010,0x00000000e3f00000)
  from space 3584K, 99% used [0x00000000e3f00000,0x00000000e427c010,0x00000000e4280000)
  to   space 3584K, 0% used [0x00000000e4280000,0x00000000e4280000,0x00000000e4600000)
 ParOldGen       total 321024K, used 288850K [0x00000000a7800000, 0x00000000bb180000, 0x00000000e2800000)
  object space 321024K, 89% used [0x00000000a7800000,0x00000000b9214bd8,0x00000000bb180000)
 Metaspace       used 20776K, capacity 21046K, committed 21296K, reserved 1069056K
  class space    used 2332K, capacity 2423K, committed 2432K, reserved 1048576K

Card table byte_map: [0x00007f4abdc2c000,0x00007f4abdef1000] byte_map_base: 0x00007f4abd6f0000

Marking Bits: (ParMarkBitMap*) 0x00007f4ac0302b60
 Begin Bits: [0x00007f4aa63c0000, 0x00007f4aa79e0000)
 End Bits:   [0x00007f4aa79e0000, 0x00007f4aa9000000)

Polling page: 0x00007f4ac1152000

CodeCache: size=245760Kb used=3766Kb max_used=3779Kb free=241993Kb
 bounds [0x00007f4aa9000000, 0x00007f4aa93c0000, 0x00007f4ab8000000]
 total_blobs=1553 nmethods=1118 adapters=350
 compilation: enabled

Compilation events (250 events):
Event: 3,113 Thread 0x00007f4ab811a800 1004       3       java.util.LinkedList::node (65 bytes)
Event: 3,113 Thread 0x00007f4ab811a800 nmethod 1004 0x00007f4aa935aa10 code [0x00007f4aa935aba0, 0x00007f4aa935aeb0]
Event: 3,113 Thread 0x00007f4ab811a800 1005       3       java.util.concurrent.atomic.AtomicBoolean::get (13 bytes)
Event: 3,113 Thread 0x00007f4ab811a800 nmethod 1005 0x00007f4aa935b010 code [0x00007f4aa935b180, 0x00007f4aa935b330]
Event: 3,113 Thread 0x00007f4ab811a800 1008   !   3       sun.nio.ch.SelectorImpl::processDeregisterQueue (101 bytes)
Event: 3,114 Thread 0x00007f4ab811a800 nmethod 1008 0x00007f4aa935b390 code [0x00007f4aa935b5c0, 0x00007f4aa935c158]
Event: 3,114 Thread 0x00007f4ab811a800 1011       3       sun.nio.ch.EPollArrayWrapper::getDescriptor (19 bytes)
Event: 3,114 Thread 0x00007f4ab811a800 nmethod 1011 0x00007f4aa935c6d0 code [0x00007f4aa935c840, 0x00007f4aa935ca90]
Event: 3,114 Thread 0x00007f4ab811a800 1012       3       java.nio.channels.spi.AbstractSelector::isOpen (8 bytes)
Event: 3,114 Thread 0x00007f4ab811a800 nmethod 1012 0x00007f4aa935cb90 code [0x00007f4aa935cd00, 0x00007f4aa935cf90]
Event: 3,114 Thread 0x00007f4ab811a800  997       3       java.util.LinkedList::checkPositionIndex (22 bytes)
Event: 3,137 Thread 0x00007f4ab811a800 nmethod 997 0x00007f4aa935d050 code [0x00007f4aa935d280, 0x00007f4aa935de38]
Event: 3,137 Thread 0x00007f4ab811a800  999       3       java.util.LinkedList::isPositionIndex (18 bytes)
Event: 3,138 Thread 0x00007f4ab811a800 nmethod 999 0x00007f4aa935e410 code [0x00007f4aa935e580, 0x00007f4aa935e770]
Event: 3,138 Thread 0x00007f4ab811a800 1000       3       java.util.LinkedList::listIterator (15 bytes)
Event: 3,138 Thread 0x00007f4ab811a800 nmethod 1000 0x00007f4aa935e7d0 code [0x00007f4aa935e980, 0x00007f4aa935ee08]
Event: 3,138 Thread 0x00007f4ab811a800 1002       3       java.util.AbstractList::listIterator (6 bytes)
Event: 3,138 Thread 0x00007f4ab811a800 nmethod 1002 0x00007f4aa935efd0 code [0x00007f4aa935f140, 0x00007f4aa935f348]
Event: 3,138 Thread 0x00007f4ab811a800 1007       3       sun.nio.ch.SelectionKeyImpl::channel (8 bytes)
Event: 3,138 Thread 0x00007f4ab811a800 nmethod 1007 0x00007f4aa935f3d0 code [0x00007f4aa935f540, 0x00007f4aa935f790]
Event: 3,138 Thread 0x00007f4ab811a800 1013       3       java.lang.Boolean::valueOf (17 bytes)
Event: 3,139 Thread 0x00007f4ab811a800 nmethod 1013 0x00007f4aa935f810 code [0x00007f4aa935f9a0, 0x00007f4aa935fce8]
Event: 3,139 Thread 0x00007f4ab811a800 1014       3       org.apache.hive.org.apache.zookeeper.client.ZooKeeperSaslClient::isEnabled (14 bytes)
Event: 3,140 Thread 0x00007f4ab811a800 nmethod 1014 0x00007f4aa935fdd0 code [0x00007f4aa9360020, 0x00007f4aa9360c68]
Event: 3,140 Thread 0x00007f4ab811a800 1015       3       org.apache.hive.org.apache.zookeeper.ClientCnxn$SendThread::clientTunneledAuthenticationInProgress (41 bytes)
Event: 3,141 Thread 0x00007f4ab811a800 nmethod 1015 0x00007f4aa93612d0 code [0x00007f4aa9361540, 0x00007f4aa9362338]
Event: 3,141 Thread 0x00007f4ab811a800 1016   !   3       org.apache.hive.org.apache.zookeeper.client.ZooKeeperSaslClient::clientTunneledAuthenticationInProgress (124 bytes)
Event: 3,143 Thread 0x00007f4ab810b000  998       4       java.util.HashMap::putVal (300 bytes)
Event: 3,153 Thread 0x00007f4ab810b000 nmethod 998 0x00007f4aa9366250 code [0x00007f4aa9366420, 0x00007f4aa9366b48]
Event: 3,178 Thread 0x00007f4ab810b000 1022       4       sun.net.www.ParseUtil::encodePath (336 bytes)
Event: 3,211 Thread 0x00007f4ab811a800 nmethod 1016 0x00007f4aa93670d0 code [0x00007f4aa9367520, 0x00007f4aa9369958]
Event: 3,211 Thread 0x00007f4ab811a800 1020       3       java.nio.Buffer::remaining (10 bytes)
Event: 3,211 Thread 0x00007f4ab811a800 nmethod 1020 0x00007f4aa9365f50 code [0x00007f4aa93660a0, 0x00007f4aa93661f0]
Event: 3,211 Thread 0x00007f4ab811a800 1021       3       java.util.regex.Pattern$CharProperty$1::isSatisfiedBy (17 bytes)
Event: 3,211 Thread 0x00007f4ab811a800 nmethod 1021 0x00007f4aa9365ad0 code [0x00007f4aa9365c40, 0x00007f4aa9365ea8]
Event: 3,212 Thread 0x00007f4ab811a800 1026       3       java.util.AbstractList$Itr::hasNext (20 bytes)
Event: 3,212 Thread 0x00007f4ab811a800 nmethod 1026 0x00007f4aa9365610 code [0x00007f4aa9365780, 0x00007f4aa9365a08]
Event: 3,212 Thread 0x00007f4ab811a800 1018       3       java.util.LinkedList::getFirst (22 bytes)
Event: 3,212 Thread 0x00007f4ab811a800 nmethod 1018 0x00007f4aa9365110 code [0x00007f4aa9365280, 0x00007f4aa93654e8]
Event: 3,212 Thread 0x00007f4ab811a800 1025       1       sun.security.jca.ProviderList::access$100 (5 bytes)
Event: 3,212 Thread 0x00007f4ab811a800 nmethod 1025 0x00007f4aa9364e50 code [0x00007f4aa9364fa0, 0x00007f4aa9365090]
Event: 3,212 Thread 0x00007f4ab811a800 1023       3       java.util.ArrayList::<init> (12 bytes)
Event: 3,212 Thread 0x00007f4ab811a800 nmethod 1023 0x00007f4aa9364910 code [0x00007f4aa9364a80, 0x00007f4aa9364d10]
Event: 3,235 Thread 0x00007f4ab811a800 1034       3       java.lang.String::endsWith (17 bytes)
Event: 3,235 Thread 0x00007f4ab811a800 nmethod 1034 0x00007f4aa9364450 code [0x00007f4aa93645c0, 0x00007f4aa93647e8]
Event: 3,235 Thread 0x00007f4ab811a800 1032       1       java.util.Calendar::internalSet (8 bytes)
Event: 3,235 Thread 0x00007f4ab811a800 nmethod 1032 0x00007f4aa9364110 code [0x00007f4aa9364260, 0x00007f4aa9364390]
Event: 3,235 Thread 0x00007f4ab811a800 1033       3       java.util.regex.Pattern$Slice::match (79 bytes)
Event: 3,235 Thread 0x00007f4ab811a800 nmethod 1033 0x00007f4aa9363910 code [0x00007f4aa9363aa0, 0x00007f4aa9363f38]
Event: 3,235 Thread 0x00007f4ab811a800 1030       3       java.util.regex.Pattern$Node::study (21 bytes)
Event: 3,235 Thread 0x00007f4ab811a800 nmethod 1030 0x00007f4aa9363450 code [0x00007f4aa93635c0, 0x00007f4aa9363828]
Event: 3,235 Thread 0x00007f4ab811a800 1028       3       sun.security.util.BitArray::set (69 bytes)
Event: 3,236 Thread 0x00007f4ab811a800 nmethod 1028 0x00007f4aa936add0 code [0x00007f4aa936af80, 0x00007f4aa936b418]
Event: 3,236 Thread 0x00007f4ab811a800 1031       1       sun.util.calendar.CalendarDate::isNormalized (5 bytes)
Event: 3,236 Thread 0x00007f4ab811a800 nmethod 1031 0x00007f4aa9363190 code [0x00007f4aa93632e0, 0x00007f4aa93633f0]
Event: 3,236 Thread 0x00007f4ab811a800 1029       3       java.util.Vector::elementData (7 bytes)
Event: 3,236 Thread 0x00007f4ab811a800 nmethod 1029 0x00007f4aa936b710 code [0x00007f4aa936b880, 0x00007f4aa936b9f0]
Event: 3,262 Thread 0x00007f4ab811a800 1039       3       sun.security.util.DerOutputStream::putLength (147 bytes)
Event: 3,266 Thread 0x00007f4ab811a800 nmethod 1039 0x00007f4aa936be50 code [0x00007f4aa936c280, 0x00007f4aa936fb08]
Event: 3,266 Thread 0x00007f4ab811a800 1038       3       java.io.ByteArrayInputStream::mark (9 bytes)
Event: 3,266 Thread 0x00007f4ab811a800 nmethod 1038 0x00007f4aa9371e90 code [0x00007f4aa9371fe0, 0x00007f4aa9372130]
Event: 3,266 Thread 0x00007f4ab811a800 1040       3       sun.security.util.BitArray::get (47 bytes)
Event: 3,266 Thread 0x00007f4ab811a800 nmethod 1040 0x00007f4aa9372190 code [0x00007f4aa9372340, 0x00007f4aa9372798]
Event: 3,266 Thread 0x00007f4ab811a800 1036  s    3       java.io.ByteArrayInputStream::available (10 bytes)
Event: 3,266 Thread 0x00007f4ab811a800 nmethod 1036 0x00007f4aa93729d0 code [0x00007f4aa9372b40, 0x00007f4aa9372df0]
Event: 3,266 Thread 0x00007f4ab811a800 1035       1       sun.security.util.DerValue::getTag (5 bytes)
Event: 3,267 Thread 0x00007f4ab811a800 nmethod 1035 0x00007f4aa9362ed0 code [0x00007f4aa9363020, 0x00007f4aa9363130]
Event: 3,267 Thread 0x00007f4ab811a800 1041       1       sun.util.locale.BaseLocale::getRegion (5 bytes)
Event: 3,267 Thread 0x00007f4ab811a800 nmethod 1041 0x00007f4aa9372e90 code [0x00007f4aa9372fe0, 0x00007f4aa93730f0]
Event: 3,267 Thread 0x00007f4ab811a800 1042       1       sun.util.calendar.CalendarDate::getMonth (5 bytes)
Event: 3,267 Thread 0x00007f4ab811a800 nmethod 1042 0x00007f4aa9373150 code [0x00007f4aa93732a0, 0x00007f4aa93733b0]
Event: 3,276 Thread 0x00007f4ab810b000 nmethod 1022 0x00007f4aa9376f10 code [0x00007f4aa93770c0, 0x00007f4aa9377f98]
Event: 3,276 Thread 0x00007f4ab810b000 1024       4       java.util.HashMap::get (23 bytes)
Event: 3,279 Thread 0x00007f4ab810b000 nmethod 1024 0x00007f4aa93739d0 code [0x00007f4aa9373b40, 0x00007f4aa9373dd8]
Event: 3,279 Thread 0x00007f4ab810b000 1027   !   4       java.util.concurrent.ConcurrentHashMap::putVal (362 bytes)
Event: 3,283 Thread 0x00007f4ab811a800 1043       3       sun.security.util.DerInputStream::getLength (243 bytes)
Event: 3,291 Thread 0x00007f4ab811a800 nmethod 1043 0x00007f4aa93786d0 code [0x00007f4aa9378ae0, 0x00007f4aa937af58]
Event: 3,291 Thread 0x00007f4ab811a800 1044       3       java.lang.Class::getReflectionFactory (26 bytes)
Event: 3,291 Thread 0x00007f4ab811a800 nmethod 1044 0x00007f4aa9376890 code [0x00007f4aa9376a20, 0x00007f4aa9376de8]
Event: 3,292 Thread 0x00007f4ab811a800 1046       3       java.util.IdentityHashMap::maskNull (12 bytes)
Event: 3,293 Thread 0x00007f4ab811a800 nmethod 1046 0x00007f4aa9373650 code [0x00007f4aa93737c0, 0x00007f4aa9373950]
Event: 3,293 Thread 0x00007f4ab811a800 1047       3       java.util.IdentityHashMap::hash (18 bytes)
Event: 3,293 Thread 0x00007f4ab811a800 nmethod 1047 0x00007f4aa9376510 code [0x00007f4aa9376680, 0x00007f4aa9376808]
Event: 3,293 Thread 0x00007f4ab811a800 1045       3       java.security.Provider$ServiceKey::equals (55 bytes)
Event: 3,293 Thread 0x00007f4ab811a800 nmethod 1045 0x00007f4aa9375c10 code [0x00007f4aa9375dc0, 0x00007f4aa93763b8]
Event: 3,293 Thread 0x00007f4ab811a800 1048       1       java.security.Provider$Service::getProvider (5 bytes)
Event: 3,293 Thread 0x00007f4ab811a800 nmethod 1048 0x00007f4aa9375950 code [0x00007f4aa9375aa0, 0x00007f4aa9375bb0]
Event: 3,331 Thread 0x00007f4ab811a800 1049       3       sun.net.www.ParseUtil::encodePath (336 bytes)
Event: 3,332 Thread 0x00007f4ab811a800 nmethod 1049 0x00007f4aa937c050 code [0x00007f4aa937c2c0, 0x00007f4aa937d298]
Event: 3,358 Thread 0x00007f4ab810b000 nmethod 1027 0x00007f4aa937ff50 code [0x00007f4aa9380140, 0x00007f4aa9380f50]
Event: 4,124 Thread 0x00007f4ab811a800 1050       3       sun.reflect.MagicAccessorImpl::<init> (5 bytes)
Event: 4,124 Thread 0x00007f4ab811a800 nmethod 1050 0x00007f4aa9375590 code [0x00007f4aa9375700, 0x00007f4aa93758b0]
Event: 4,126 Thread 0x00007f4ab810b000 1051       4       java.nio.DirectLongBufferU::get (16 bytes)
Event: 4,127 Thread 0x00007f4ab810b000 nmethod 1051 0x00007f4aa937e550 code [0x00007f4aa937e6a0, 0x00007f4aa937e738]
Event: 4,164 Thread 0x00007f4ab810b000 1052       4       java.nio.DirectLongBufferU::put (18 bytes)
Event: 4,165 Thread 0x00007f4ab810b000 nmethod 1052 0x00007f4aa937e2d0 code [0x00007f4aa937e420, 0x00007f4aa937e4b8]
Event: 4,211 Thread 0x00007f4ab811a800 1057       3       java.io.DataOutputStream::writeUTF (435 bytes)
Event: 4,214 Thread 0x00007f4ab811a800 nmethod 1057 0x00007f4aa9381990 code [0x00007f4aa9381ca0, 0x00007f4aa9383948]
Event: 4,214 Thread 0x00007f4ab811a800 1058       3       sun.misc.ProxyGenerator$ConstantPool$IndirectEntry::write (61 bytes)
Event: 4,215 Thread 0x00007f4ab811a800 nmethod 1058 0x00007f4aa93744d0 code [0x00007f4aa93746c0, 0x00007f4aa93751c8]
Event: 4,215 Thread 0x00007f4ab811a800 1054       3       sun.misc.ProxyGenerator::dotToSlash (9 bytes)
Event: 4,215 Thread 0x00007f4ab811a800 nmethod 1054 0x00007f4aa9374050 code [0x00007f4aa93741c0, 0x00007f4aa93743c8]
Event: 4,215 Thread 0x00007f4ab811a800 1059       3       sun.misc.ProxyGenerator$ConstantPool$ValueEntry::write (190 bytes)
Event: 4,217 Thread 0x00007f4ab811a800 nmethod 1059 0x00007f4aa9384850 code [0x00007f4aa9384c40, 0x00007f4aa93876c8]
Event: 4,217 Thread 0x00007f4ab811a800 1060       3       java.io.DataOutputStream::writeUTF (7 bytes)
Event: 4,217 Thread 0x00007f4ab811a800 nmethod 1060 0x00007f4aa937df50 code [0x00007f4aa937e0c0, 0x00007f4aa937e248]
Event: 4,217 Thread 0x00007f4ab811a800 1053       3       sun.misc.ProxyGenerator::access$900 (5 bytes)
Event: 4,218 Thread 0x00007f4ab811a800 nmethod 1053 0x00007f4aa937da10 code [0x00007f4aa937db80, 0x00007f4aa937ddc8]
Event: 4,218 Thread 0x00007f4ab811a800 1056       1       sun.misc.ProxyGenerator::access$800 (5 bytes)
Event: 4,218 Thread 0x00007f4ab811a800 nmethod 1056 0x00007f4aa937fc90 code [0x00007f4aa937fde0, 0x00007f4aa937fed0]
Event: 4,218 Thread 0x00007f4ab810b000 1055       4       java.util.ArrayList::add (29 bytes)
Event: 4,229 Thread 0x00007f4ab810b000 nmethod 1055 0x00007f4aa937f510 code [0x00007f4aa937f680, 0x00007f4aa937f9c8]
Event: 4,229 Thread 0x00007f4ab810b000 1061       4       java.util.ArrayList$Itr::hasNext (20 bytes)
Event: 4,230 Thread 0x00007f4ab810b000 nmethod 1061 0x00007f4aa9388390 code [0x00007f4aa93884e0, 0x00007f4aa9388578]
Event: 4,299 Thread 0x00007f4ab811a800 1062       3       java.lang.Class::searchMethods (90 bytes)
Event: 4,301 Thread 0x00007f4ab811a800 nmethod 1062 0x00007f4aa9389a10 code [0x00007f4aa9389c60, 0x00007f4aa938abd8]
Event: 4,301 Thread 0x00007f4ab811a800 1065       3       java.lang.Class::arrayContentsEq (70 bytes)
Event: 4,301 Thread 0x00007f4ab811a800 nmethod 1065 0x00007f4aa937ea10 code [0x00007f4aa937eba0, 0x00007f4aa937efd0]
Event: 4,301 Thread 0x00007f4ab811a800 1063       3       java.lang.Class$MethodArray::<init> (38 bytes)
Event: 4,302 Thread 0x00007f4ab811a800 nmethod 1063 0x00007f4aa9389410 code [0x00007f4aa93895a0, 0x00007f4aa9389908]
Event: 4,308 Thread 0x00007f4ab811a800 1067       3       java.io.BufferedReader::readLine (6 bytes)
Event: 4,309 Thread 0x00007f4ab811a800 nmethod 1067 0x00007f4aa9389050 code [0x00007f4aa93891c0, 0x00007f4aa9389368]
Event: 4,309 Thread 0x00007f4ab811a800 1066       1       sun.util.calendar.CalendarDate::getDayOfMonth (5 bytes)
Event: 4,309 Thread 0x00007f4ab811a800 nmethod 1066 0x00007f4aa9388d90 code [0x00007f4aa9388ee0, 0x00007f4aa9388ff0]
Event: 4,309 Thread 0x00007f4ab810b000 1068       4       java.util.ArrayList$Itr::next (66 bytes)
Event: 4,311 Thread 0x00007f4ab810b000 nmethod 1068 0x00007f4aa9388990 code [0x00007f4aa9388ae0, 0x00007f4aa9388c18]
Event: 4,350 Thread 0x00007f4ab811a800 1069       1       java.lang.ref.Finalizer::access$000 (4 bytes)
Event: 4,350 Thread 0x00007f4ab811a800 nmethod 1069 0x00007f4aa938dd90 code [0x00007f4aa938dee0, 0x00007f4aa938dfd0]
Event: 4,350 Thread 0x00007f4ab811a800 1070       3       java.util.zip.ZipFile$ZipFileInputStream::finalize (5 bytes)
Event: 4,350 Thread 0x00007f4ab811a800 nmethod 1070 0x00007f4aa938da10 code [0x00007f4aa938db80, 0x00007f4aa938dd08]
Event: 4,350 Thread 0x00007f4ab811a800 1071       3       java.util.zip.ZipFile$ZipFileInflaterInputStream::finalize (5 bytes)
Event: 4,350 Thread 0x00007f4ab811a800 nmethod 1071 0x00007f4aa938d690 code [0x00007f4aa938d800, 0x00007f4aa938d988]
Event: 4,357 Thread 0x00007f4ab811a800 1072       3       java.lang.Class::privateGetDeclaredMethods (67 bytes)
Event: 4,358 Thread 0x00007f4ab811a800 nmethod 1072 0x00007f4aa938c7d0 code [0x00007f4aa938c9e0, 0x00007f4aa938d2e8]
Event: 19,520 Thread 0x00007f4ab811a800 1074       3       java.net.Socket::isConnected (20 bytes)
Event: 19,520 Thread 0x00007f4ab811a800 nmethod 1074 0x00007f4aa938c210 code [0x00007f4aa938c380, 0x00007f4aa938c570]
Event: 19,520 Thread 0x00007f4ab811a800 1073       1       org.apache.hive.org.apache.thrift.transport.TTransport::getBytesRemainingInBuffer (2 bytes)
Event: 19,520 Thread 0x00007f4ab811a800 nmethod 1073 0x00007f4aa938bf50 code [0x00007f4aa938c0a0, 0x00007f4aa938c1b0]
Event: 20,528 Thread 0x00007f4ab811a800 1075       3       org.apache.hive.org.apache.thrift.transport.TSocket::isOpen (17 bytes)
Event: 20,529 Thread 0x00007f4ab811a800 nmethod 1075 0x00007f4aa938bad0 code [0x00007f4aa938bc40, 0x00007f4aa938bea8]
Event: 20,529 Thread 0x00007f4ab811a800 1076       3       org.apache.hive.org.apache.thrift.transport.TSaslClientTransport::isOpen (5 bytes)
Event: 20,529 Thread 0x00007f4ab811a800 nmethod 1076 0x00007f4aa938e010 code [0x00007f4aa938e1c0, 0x00007f4aa938e758]
Event: 22,536 Thread 0x00007f4ab811a800 1077       3       org.apache.hive.org.apache.thrift.transport.TTransport::readAll (87 bytes)
Event: 22,537 Thread 0x00007f4ab811a800 nmethod 1077 0x00007f4aa938e990 code [0x00007f4aa938ebe0, 0x00007f4aa938f938]
Event: 22,537 Thread 0x00007f4ab811a800 1078       3       org.apache.hive.org.apache.thrift.transport.TMemoryInputTransport::read (49 bytes)
Event: 22,537 Thread 0x00007f4ab811a800 nmethod 1078 0x00007f4aa938b2d0 code [0x00007f4aa938b460, 0x00007f4aa938b8e8]
Event: 24,554 Thread 0x00007f4ab811a800 1079       3       org.apache.hadoop.hive.metastore.security.TFilterTransport::getBytesRemainingInBuffer (8 bytes)
Event: 24,554 Thread 0x00007f4ab811a800 nmethod 1079 0x00007f4aa938ff90 code [0x00007f4aa9390100, 0x00007f4aa9390328]
Event: 24,554 Thread 0x00007f4ab811a800 1080       3       org.apache.hadoop.hive.metastore.security.TFilterTransport::readAll (11 bytes)
Event: 24,554 Thread 0x00007f4ab811a800 nmethod 1080 0x00007f4aa93903d0 code [0x00007f4aa9390540, 0x00007f4aa9390768]
Event: 24,554 Thread 0x00007f4ab811a800 1081       3       org.apache.hive.org.apache.thrift.transport.TSaslClientTransport::read (8 bytes)
Event: 24,554 Thread 0x00007f4ab811a800 nmethod 1081 0x00007f4aa9390850 code [0x00007f4aa93909c0, 0x00007f4aa9390b48]
Event: 24,554 Thread 0x00007f4ab811a800 1082   !   3       org.apache.hive.org.apache.thrift.transport.TSaslTransport::read (68 bytes)
Event: 24,555 Thread 0x00007f4ab811a800 nmethod 1082 0x00007f4aa9390c10 code [0x00007f4aa9390de0, 0x00007f4aa9391418]
Event: 26,063 Thread 0x00007f4ab811a800 1083       3       org.apache.hive.org.apache.thrift.protocol.TBinaryProtocol::readAll (11 bytes)
Event: 26,063 Thread 0x00007f4ab811a800 nmethod 1083 0x00007f4aa93916d0 code [0x00007f4aa9391840, 0x00007f4aa9391a68]
Event: 26,063 Thread 0x00007f4ab811a800 1084       3       org.apache.hive.org.apache.thrift.protocol.TField::<init> (20 bytes)
Event: 26,063 Thread 0x00007f4ab811a800 nmethod 1084 0x00007f4aa9391b50 code [0x00007f4aa9391cc0, 0x00007f4aa9391e90]
Event: 30,600 Thread 0x00007f4ab811a800 1085       3       org.apache.hadoop.hive.metastore.security.TFilterTransport::write (11 bytes)
Event: 30,600 Thread 0x00007f4ab811a800 nmethod 1085 0x00007f4aa9391f50 code [0x00007f4aa93920c0, 0x00007f4aa93922e8]
Event: 30,600 Thread 0x00007f4ab811a800 1086       3       org.apache.hive.org.apache.thrift.transport.TSaslClientTransport::write (8 bytes)
Event: 30,600 Thread 0x00007f4ab811a800 nmethod 1086 0x00007f4aa93923d0 code [0x00007f4aa9392580, 0x00007f4aa93929c8]
Event: 30,600 Thread 0x00007f4ab811a800 1087       3       org.apache.hive.org.apache.thrift.transport.TSaslTransport::write (29 bytes)
Event: 30,601 Thread 0x00007f4ab811a800 nmethod 1087 0x00007f4aa9392c50 code [0x00007f4aa9392de0, 0x00007f4aa93931c8]
Event: 32,110 Thread 0x00007f4ab811a800 1088       3       org.apache.hive.org.apache.thrift.protocol.TBinaryProtocol::readByte (55 bytes)
Event: 32,110 Thread 0x00007f4ab811a800 nmethod 1088 0x00007f4aa9393350 code [0x00007f4aa9393520, 0x00007f4aa9393b88]
Event: 32,110 Thread 0x00007f4ab811a800 1089       1       java.util.concurrent.locks.AbstractOwnableSynchronizer::getExclusiveOwnerThread (5 bytes)
Event: 32,110 Thread 0x00007f4ab811a800 nmethod 1089 0x00007f4aa9393e90 code [0x00007f4aa9393fe0, 0x00007f4aa93940f0]
Event: 33,610 Thread 0x00007f4ab811a800 1090       3       org.apache.hive.org.apache.thrift.protocol.TBinaryProtocol::readFieldBegin (31 bytes)
Event: 33,610 Thread 0x00007f4ab811a800 nmethod 1090 0x00007f4aa9394150 code [0x00007f4aa93942e0, 0x00007f4aa9394658]
Event: 35,128 Thread 0x00007f4ab811a800 1092       3       org.apache.hive.org.apache.thrift.transport.TSaslTransport$SaslParticipant::isComplete (27 bytes)
Event: 35,128 Thread 0x00007f4ab811a800 nmethod 1092 0x00007f4aa93947d0 code [0x00007f4aa9394940, 0x00007f4aa9394c88]
Event: 35,128 Thread 0x00007f4ab811a800 1091       3       org.apache.hive.org.apache.thrift.transport.TSaslTransport::isOpen (33 bytes)
Event: 35,128 Thread 0x00007f4ab811a800 nmethod 1091 0x00007f4aa9394d90 code [0x00007f4aa9394f20, 0x00007f4aa9395458]
Event: 37,130 Thread 0x00007f4ab811a800 1093       1       org.apache.hive.org.apache.thrift.protocol.TProtocol::getScheme (3 bytes)
Event: 37,130 Thread 0x00007f4ab811a800 nmethod 1093 0x00007f4aa9395610 code [0x00007f4aa9395760, 0x00007f4aa9395870]
Event: 39,144 Thread 0x00007f4ab811a800 1094       3       java.lang.String::checkBounds (46 bytes)
Event: 39,145 Thread 0x00007f4ab811a800 nmethod 1094 0x00007f4aa93958d0 code [0x00007f4aa9395a80, 0x00007f4aa9395ec8]
Event: 39,145 Thread 0x00007f4ab810b000 1095       4       sun.reflect.ByteVectorImpl::add (38 bytes)
Event: 39,146 Thread 0x00007f4ab810b000 nmethod 1095 0x00007f4aa9398e10 code [0x00007f4aa9398f60, 0x00007f4aa9399048]
Event: 41,155 Thread 0x00007f4ab811a800 1097       3       org.apache.hive.org.apache.thrift.protocol.TBinaryProtocol::writeByte (21 bytes)
Event: 41,155 Thread 0x00007f4ab811a800 nmethod 1097 0x00007f4aa9398910 code [0x00007f4aa9398a80, 0x00007f4aa9398cc8]
Event: 41,155 Thread 0x00007f4ab811a800 1096       3       org.apache.hive.org.apache.thrift.protocol.TBinaryProtocol::readFieldEnd (1 bytes)
Event: 41,155 Thread 0x00007f4ab811a800 nmethod 1096 0x00007f4aa93985d0 code [0x00007f4aa9398720, 0x00007f4aa9398870]
Event: 52,707 Thread 0x00007f4ab811a800 1098       3       org.apache.hive.org.apache.thrift.protocol.TBinaryProtocol::readI16 (78 bytes)
Event: 52,707 Thread 0x00007f4ab811a800 nmethod 1098 0x00007f4aa9397ad0 code [0x00007f4aa9397ca0, 0x00007f4aa9398328]
Event: 61,246 Thread 0x00007f4ab811a800 1099       3       org.apache.hive.org.apache.thrift.protocol.TBinaryProtocol::readI32 (103 bytes)
Event: 61,247 Thread 0x00007f4ab811a800 nmethod 1099 0x00007f4aa9396f50 code [0x00007f4aa9397120, 0x00007f4aa93977e8]
Event: 70,789 Thread 0x00007f4ab811a800 1100       3       java.lang.String::<init> (38 bytes)
Event: 70,789 Thread 0x00007f4ab811a800 nmethod 1100 0x00007f4aa9396910 code [0x00007f4aa9396aa0, 0x00007f4aa9396de8]
Event: 81,825 Thread 0x00007f4ab811a800 1101       3       org.apache.hive.org.apache.thrift.scheme.StandardScheme::<init> (5 bytes)
Event: 81,826 Thread 0x00007f4ab811a800 nmethod 1101 0x00007f4aa9396550 code [0x00007f4aa93966c0, 0x00007f4aa9396870]
Event: 81,826 Thread 0x00007f4ab811a800 1102       3       org.apache.hive.org.apache.thrift.protocol.TBinaryProtocol::writeFieldBegin (17 bytes)
Event: 81,826 Thread 0x00007f4ab811a800 nmethod 1102 0x00007f4aa9399150 code [0x00007f4aa93992e0, 0x00007f4aa9399618]
Event: 90,345 Thread 0x00007f4ab811a800 1103       3       java.util.concurrent.locks.AbstractOwnableSynchronizer::setExclusiveOwnerThread (6 bytes)
Event: 90,345 Thread 0x00007f4ab811a800 nmethod 1103 0x00007f4aa9396210 code [0x00007f4aa9396360, 0x00007f4aa93964d0]
Event: 109,895 Thread 0x00007f4ab811a800 1104       3       org.apache.hive.org.apache.thrift.EncodingUtils::testBit (6 bytes)
Event: 109,896 Thread 0x00007f4ab811a800 nmethod 1104 0x00007f4aa9399810 code [0x00007f4aa9399980, 0x00007f4aa9399b70]
Event: 109,896 Thread 0x00007f4ab811a800 1105       3       org.apache.hive.org.apache.thrift.EncodingUtils::testBit (14 bytes)
Event: 109,896 Thread 0x00007f4ab811a800 nmethod 1105 0x00007f4aa9399c10 code [0x00007f4aa9399d80, 0x00007f4aa9399f10]
Event: 124,939 Thread 0x00007f4ab811a800 1106       3       org.apache.hive.org.apache.thrift.protocol.TBinaryProtocol::writeI32 (71 bytes)
Event: 124,940 Thread 0x00007f4ab811a800 nmethod 1106 0x00007f4aa9399f90 code [0x00007f4aa939a100, 0x00007f4aa939a3e8]
Event: 139,979 Thread 0x00007f4ab811a800 1107       3       java.lang.String::<init> (10 bytes)
Event: 139,979 Thread 0x00007f4ab811a800 nmethod 1107 0x00007f4aa939a550 code [0x00007f4aa939a6c0, 0x00007f4aa939a868]
Event: 151,835 Thread 0x00007f4ab810b000 1108       4       java.util.zip.ZipFile::ensureOpen (37 bytes)
Event: 151,836 Thread 0x00007f4ab810b000 nmethod 1108 0x00007f4aa939d610 code [0x00007f4aa939d760, 0x00007f4aa939d818]
Event: 151,841 Thread 0x00007f4ab810b000 1109   !   4       java.util.concurrent.ConcurrentHashMap::transfer (832 bytes)
Event: 151,859 Thread 0x00007f4ab810b000 nmethod 1109 0x00007f4aa939a950 code [0x00007f4aa939ab00, 0x00007f4aa939b888]
Event: 151,914 Thread 0x00007f4ab811a800 1110       3       sun.reflect.ReflectionFactory::inflationThreshold (4 bytes)
Event: 151,914 Thread 0x00007f4ab811a800 nmethod 1110 0x00007f4aa939d310 code [0x00007f4aa939d460, 0x00007f4aa939d590]
Event: 151,920 Thread 0x00007f4ab810b000 1111       4       java.util.zip.ZipCoder::getBytes (192 bytes)
Event: 151,926 Thread 0x00007f4ab810b000 nmethod 1111 0x00007f4aa939db10 code [0x00007f4aa939dce0, 0x00007f4aa939e2d0]
Event: 151,926 Thread 0x00007f4ab810b000 1112       4       sun.misc.URLClassPath::getResource (83 bytes)
Event: 151,941 Thread 0x00007f4ab810b000 nmethod 1112 0x00007f4aa93a41d0 code [0x00007f4aa93a43a0, 0x00007f4aa93a53e8]
Event: 151,990 Thread 0x00007f4ab811a800 1113       3       java.util.regex.Matcher::start (22 bytes)
Event: 151,990 Thread 0x00007f4ab811a800 nmethod 1113 0x00007f4aa939cc10 code [0x00007f4aa939cd80, 0x00007f4aa939cfe8]
Event: 151,990 Thread 0x00007f4ab811a800 1114       3       java.lang.AbstractStringBuilder::append (54 bytes)
Event: 151,990 Thread 0x00007f4ab811a800 nmethod 1114 0x00007f4aa93a3590 code [0x00007f4aa93a3760, 0x00007f4aa93a4068]
Event: 151,990 Thread 0x00007f4ab811a800 1115       3       java.lang.StringBuilder::append (8 bytes)
Event: 151,990 Thread 0x00007f4ab811a800 nmethod 1115 0x00007f4aa939c890 code [0x00007f4aa939ca00, 0x00007f4aa939cb88]
Event: 151,990 Thread 0x00007f4ab811a800 1116       3       java.util.regex.Pattern$Ctype::isSatisfiedBy (24 bytes)
Event: 151,990 Thread 0x00007f4ab811a800 nmethod 1116 0x00007f4aa939c110 code [0x00007f4aa939c2a0, 0x00007f4aa939c630]
Event: 151,990 Thread 0x00007f4ab811a800 1117       3       java.util.regex.ASCII::isType (15 bytes)
Event: 151,991 Thread 0x00007f4ab811a800 nmethod 1117 0x00007f4aa93a3090 code [0x00007f4aa93a3200, 0x00007f4aa93a3470]
Event: 151,991 Thread 0x00007f4ab810b000 1118   !   4       java.util.WeakHashMap::expungeStaleEntries (139 bytes)
Event: 151,996 Thread 0x00007f4ab811a800 1121       3       java.lang.String::equalsIgnoreCase (48 bytes)
Event: 151,997 Thread 0x00007f4ab811a800 nmethod 1121 0x00007f4aa93a2ad0 code [0x00007f4aa93a2c40, 0x00007f4aa93a2f88]
Event: 151,997 Thread 0x00007f4ab811a800 1119       3       org.apache.hive.org.apache.thrift.protocol.TBinaryProtocol::writeFieldEnd (1 bytes)
Event: 151,997 Thread 0x00007f4ab811a800 nmethod 1119 0x00007f4aa93a2790 code [0x00007f4aa93a28e0, 0x00007f4aa93a2a30]
Event: 151,997 Thread 0x00007f4ab811a800 1120       3       org.apache.hive.org.apache.thrift.protocol.TBinaryProtocol::writeI16 (41 bytes)
Event: 151,997 Thread 0x00007f4ab811a800 nmethod 1120 0x00007f4aa93a2250 code [0x00007f4aa93a23c0, 0x00007f4aa93a2648]
Event: 151,999 Thread 0x00007f4ab810b000 nmethod 1118 0x00007f4aa93a6010 code [0x00007f4aa93a61a0, 0x00007f4aa93a6b78]
Event: 152,119 Thread 0x00007f4ab811a800 1122       3       java.util.RegularEnumSet$EnumSetIterator::hasNext (15 bytes)
Event: 152,119 Thread 0x00007f4ab811a800 nmethod 1122 0x00007f4aa93a1ed0 code [0x00007f4aa93a2040, 0x00007f4aa93a21f0]
Event: 152,126 Thread 0x00007f4ab811a800 1123       1       org.apache.hive.service.rpc.thrift.TI32Column::access$300 (5 bytes)
Event: 152,126 Thread 0x00007f4ab811a800 nmethod 1123 0x00007f4aa93a1c10 code [0x00007f4aa93a1d60, 0x00007f4aa93a1e50]
Event: 152,126 Thread 0x00007f4ab811a800 1124   !   3       org.apache.hive.org.apache.thrift.protocol.TBinaryProtocol::readString (104 bytes)
Event: 152,127 Thread 0x00007f4ab811a800 nmethod 1124 0x00007f4aa93a0d50 code [0x00007f4aa93a0f80, 0x00007f4aa93a17f8]
Event: 152,127 Thread 0x00007f4ab811a800 1125       1       org.apache.hive.service.rpc.thrift.TStringColumn::access$300 (5 bytes)
Event: 152,127 Thread 0x00007f4ab811a800 nmethod 1125 0x00007f4aa93a0a90 code [0x00007f4aa93a0be0, 0x00007f4aa93a0cd0]
Event: 152,134 Thread 0x00007f4ab810b000 1126       4       java.lang.String::concat (47 bytes)
Event: 152,138 Thread 0x00007f4ab810b000 nmethod 1126 0x00007f4aa939edd0 code [0x00007f4aa939ef40, 0x00007f4aa939f2f8]
Event: 152,152 Thread 0x00007f4ab811a800 1128 %     3       OutputResultSet::addColumn @ 95 (162 bytes)
Event: 152,154 Thread 0x00007f4ab811a800 nmethod 1128% 0x00007f4aa93a8a10 code [0x00007f4aa93a8da0, 0x00007f4aa93ab728]
Event: 152,154 Thread 0x00007f4ab810b000 1127  s    4       java.lang.StringBuffer::append (13 bytes)
Event: 152,158 Thread 0x00007f4ab810b000 nmethod 1127 0x00007f4aa93a7f90 code [0x00007f4aa93a8100, 0x00007f4aa93a86f8]
Event: 152,168 Thread 0x00007f4ab811a800 1129       3       OutputResultSet::addColumn (162 bytes)
Event: 152,170 Thread 0x00007f4ab811a800 nmethod 1129 0x00007f4aa93aea10 code [0x00007f4aa93aeda0, 0x00007f4aa93b15c8]
Event: 152,180 Thread 0x00007f4ab810b000 1130 %     4       OutputResultSet::addColumn @ 95 (162 bytes)
Event: 152,187 Thread 0x00007f4ab810b000 nmethod 1130% 0x00007f4aa93a70d0 code [0x00007f4aa93a7240, 0x00007f4aa93a7a98]

GC Heap History (6 events):
Event: 1,999 GC heap before
{Heap before GC invocations=1 (full 0):
 PSYoungGen      total 27136K, used 23552K [0x00000000e2800000, 0x00000000e4600000, 0x0000000100000000)
  eden space 23552K, 100% used [0x00000000e2800000,0x00000000e3f00000,0x00000000e3f00000)
  from space 3584K, 0% used [0x00000000e4280000,0x00000000e4280000,0x00000000e4600000)
  to   space 3584K, 0% used [0x00000000e3f00000,0x00000000e3f00000,0x00000000e4280000)
 ParOldGen       total 61440K, used 0K [0x00000000a7800000, 0x00000000ab400000, 0x00000000e2800000)
  object space 61440K, 0% used [0x00000000a7800000,0x00000000a7800000,0x00000000ab400000)
 Metaspace       used 13089K, capacity 13350K, committed 13568K, reserved 1060864K
  class space    used 1440K, capacity 1503K, committed 1536K, reserved 1048576K
Event: 2,018 GC heap after
Heap after GC invocations=1 (full 0):
 PSYoungGen      total 27136K, used 3577K [0x00000000e2800000, 0x00000000e4600000, 0x0000000100000000)
  eden space 23552K, 0% used [0x00000000e2800000,0x00000000e2800000,0x00000000e3f00000)
  from space 3584K, 99% used [0x00000000e3f00000,0x00000000e427e598,0x00000000e4280000)
  to   space 3584K, 0% used [0x00000000e4280000,0x00000000e4280000,0x00000000e4600000)
 ParOldGen       total 61440K, used 2472K [0x00000000a7800000, 0x00000000ab400000, 0x00000000e2800000)
  object space 61440K, 4% used [0x00000000a7800000,0x00000000a7a6a220,0x00000000ab400000)
 Metaspace       used 13089K, capacity 13350K, committed 13568K, reserved 1060864K
  class space    used 1440K, capacity 1503K, committed 1536K, reserved 1048576K
}
Event: 4,311 GC heap before
{Heap before GC invocations=2 (full 0):
 PSYoungGen      total 27136K, used 27129K [0x00000000e2800000, 0x00000000e4600000, 0x0000000100000000)
  eden space 23552K, 100% used [0x00000000e2800000,0x00000000e3f00000,0x00000000e3f00000)
  from space 3584K, 99% used [0x00000000e3f00000,0x00000000e427e598,0x00000000e4280000)
  to   space 3584K, 0% used [0x00000000e4280000,0x00000000e4280000,0x00000000e4600000)
 ParOldGen       total 61440K, used 2472K [0x00000000a7800000, 0x00000000ab400000, 0x00000000e2800000)
  object space 61440K, 4% used [0x00000000a7800000,0x00000000a7a6a220,0x00000000ab400000)
 Metaspace       used 19431K, capacity 19696K, committed 19968K, reserved 1067008K
  class space    used 2195K, capacity 2294K, committed 2304K, reserved 1048576K
Event: 4,334 GC heap after
Heap after GC invocations=2 (full 0):
 PSYoungGen      total 27136K, used 3552K [0x00000000e2800000, 0x00000000e4600000, 0x0000000100000000)
  eden space 23552K, 0% used [0x00000000e2800000,0x00000000e2800000,0x00000000e3f00000)
  from space 3584K, 99% used [0x00000000e4280000,0x00000000e45f8020,0x00000000e4600000)
  to   space 3584K, 0% used [0x00000000e3f00000,0x00000000e3f00000,0x00000000e4280000)
 ParOldGen       total 61440K, used 6654K [0x00000000a7800000, 0x00000000ab400000, 0x00000000e2800000)
  object space 61440K, 10% used [0x00000000a7800000,0x00000000a7e7fbd8,0x00000000ab400000)
 Metaspace       used 19431K, capacity 19696K, committed 19968K, reserved 1067008K
  class space    used 2195K, capacity 2294K, committed 2304K, reserved 1048576K
}
Event: 152,191 GC heap before
{Heap before GC invocations=3 (full 0):
 PSYoungGen      total 27136K, used 18194K [0x00000000e2800000, 0x00000000e4600000, 0x0000000100000000)
  eden space 23552K, 62% used [0x00000000e2800000,0x00000000e364c828,0x00000000e3f00000)
  from space 3584K, 99% used [0x00000000e4280000,0x00000000e45f8020,0x00000000e4600000)
  to   space 3584K, 0% used [0x00000000e3f00000,0x00000000e3f00000,0x00000000e4280000)
 ParOldGen       total 61440K, used 6654K [0x00000000a7800000, 0x00000000ab400000, 0x00000000e2800000)
  object space 61440K, 10% used [0x00000000a7800000,0x00000000a7e7fbd8,0x00000000ab400000)
 Metaspace       used 20776K, capacity 21046K, committed 21296K, reserved 1069056K
  class space    used 2332K, capacity 2423K, committed 2432K, reserved 1048576K
Event: 152,202 GC heap after
Heap after GC invocations=3 (full 0):
 PSYoungGen      total 27136K, used 3568K [0x00000000e2800000, 0x00000000e4600000, 0x0000000100000000)
  eden space 23552K, 0% used [0x00000000e2800000,0x00000000e2800000,0x00000000e3f00000)
  from space 3584K, 99% used [0x00000000e3f00000,0x00000000e427c010,0x00000000e4280000)
  to   space 3584K, 0% used [0x00000000e4280000,0x00000000e4280000,0x00000000e4600000)
 ParOldGen       total 61440K, used 12370K [0x00000000a7800000, 0x00000000ab400000, 0x00000000e2800000)
  object space 61440K, 20% used [0x00000000a7800000,0x00000000a8414b98,0x00000000ab400000)
 Metaspace       used 20776K, capacity 21046K, committed 21296K, reserved 1069056K
  class space    used 2332K, capacity 2423K, committed 2432K, reserved 1048576K
}

Deoptimization events (11 events):
Event: 1,385 Thread 0x00007f4ab804a800 Uncommon trap: reason=range_check action=make_not_entrant pc=0x00007f4aa91d72c0 method=sun.reflect.generics.parser.SignatureParser.current()C @ 34
Event: 1,968 Thread 0x00007f4ab804a800 Uncommon trap: reason=unstable_if action=reinterpret pc=0x00007f4aa91f46b4 method=java.util.HashMap.getNode(ILjava/lang/Object;)Ljava/util/HashMap$Node; @ 129
Event: 2,025 Thread 0x00007f4ab804a800 Uncommon trap: reason=unstable_if action=reinterpret pc=0x00007f4aa924a144 method=com.ctc.wstx.io.WstxInputData.isNameChar(C)Z @ 49
Event: 2,025 Thread 0x00007f4ab804a800 Uncommon trap: reason=unstable_if action=reinterpret pc=0x00007f4aa924d95c method=com.ctc.wstx.sr.BasicStreamReader.readTextPrimary(C)Z @ 81
Event: 2,113 Thread 0x00007f4ab804a800 Uncommon trap: reason=unstable_if action=reinterpret pc=0x00007f4aa91c5044 method=java.lang.String.replace(CC)Ljava/lang/String; @ 26
Event: 2,312 Thread 0x00007f4ab804a800 Uncommon trap: reason=unstable_if action=reinterpret pc=0x00007f4aa91ebc1c method=java.lang.AbstractStringBuilder.append(Ljava/lang/String;)Ljava/lang/AbstractStringBuilder; @ 1
Event: 2,778 Thread 0x00007f4ab854d800 Uncommon trap: reason=unstable_if action=reinterpret pc=0x00007f4aa9162664 method=java.lang.String.startsWith(Ljava/lang/String;I)Z @ 25
Event: 2,778 Thread 0x00007f4ab854d800 Uncommon trap: reason=unstable_if action=reinterpret pc=0x00007f4aa915a4a4 method=java.lang.String.startsWith(Ljava/lang/String;I)Z @ 25
Event: 2,942 Thread 0x00007f4ab854d800 Uncommon trap: reason=predicate action=maybe_recompile pc=0x00007f4aa931e1f8 method=sun.net.www.ParseUtil.encodePath(Ljava/lang/String;Z)Ljava/lang/String; @ 36
Event: 3,308 Thread 0x00007f4ab804a800 Uncommon trap: reason=unstable_if action=reinterpret pc=0x00007f4aa9377c84 method=sun.net.www.ParseUtil.encodePath(Ljava/lang/String;Z)Ljava/lang/String; @ 109
Event: 151,989 Thread 0x00007f4ab804a800 Uncommon trap: reason=unstable_if action=reinterpret pc=0x00007f4aa932870c method=java.lang.String.regionMatches(ZILjava/lang/String;II)Z @ 123

Classes redefined (0 events):
No events

Internal exceptions (15 events):
Event: 0,051 Thread 0x00007f4ab804a800 Exception <a 'java/lang/NoSuchMethodError': Method sun.misc.Unsafe.defineClass(Ljava/lang/String;[BII)Ljava/lang/Class; name or signature does not match> (0x00000000e2807cc0) thrown at [/builddir/build/BUILD/java-1.8.0-openjdk-1.8.0.252.b09-2.el7_8.x86_64
Event: 0,051 Thread 0x00007f4ab804a800 Exception <a 'java/lang/NoSuchMethodError': Method sun.misc.Unsafe.prefetchRead(Ljava/lang/Object;J)V name or signature does not match> (0x00000000e2807fa8) thrown at [/builddir/build/BUILD/java-1.8.0-openjdk-1.8.0.252.b09-2.el7_8.x86_64/openjdk/hotspot/s
Event: 0,179 Thread 0x00007f4ab804a800 Exception <a 'java/security/PrivilegedActionException'> (0x00000000e28d3b20) thrown at [/builddir/build/BUILD/java-1.8.0-openjdk-1.8.0.252.b09-2.el7_8.x86_64/openjdk/hotspot/src/share/vm/prims/jvm.cpp, line 1509]
Event: 0,179 Thread 0x00007f4ab804a800 Exception <a 'java/security/PrivilegedActionException'> (0x00000000e28d3d30) thrown at [/builddir/build/BUILD/java-1.8.0-openjdk-1.8.0.252.b09-2.el7_8.x86_64/openjdk/hotspot/src/share/vm/prims/jvm.cpp, line 1509]
Event: 0,179 Thread 0x00007f4ab804a800 Exception <a 'java/security/PrivilegedActionException'> (0x00000000e28d6808) thrown at [/builddir/build/BUILD/java-1.8.0-openjdk-1.8.0.252.b09-2.el7_8.x86_64/openjdk/hotspot/src/share/vm/prims/jvm.cpp, line 1509]
Event: 0,179 Thread 0x00007f4ab804a800 Exception <a 'java/security/PrivilegedActionException'> (0x00000000e28d6a18) thrown at [/builddir/build/BUILD/java-1.8.0-openjdk-1.8.0.252.b09-2.el7_8.x86_64/openjdk/hotspot/src/share/vm/prims/jvm.cpp, line 1509]
Event: 0,180 Thread 0x00007f4ab804a800 Exception <a 'java/security/PrivilegedActionException'> (0x00000000e28d78f8) thrown at [/builddir/build/BUILD/java-1.8.0-openjdk-1.8.0.252.b09-2.el7_8.x86_64/openjdk/hotspot/src/share/vm/prims/jvm.cpp, line 1509]
Event: 0,180 Thread 0x00007f4ab804a800 Exception <a 'java/security/PrivilegedActionException'> (0x00000000e28d7b08) thrown at [/builddir/build/BUILD/java-1.8.0-openjdk-1.8.0.252.b09-2.el7_8.x86_64/openjdk/hotspot/src/share/vm/prims/jvm.cpp, line 1509]
Event: 1,385 Thread 0x00007f4ab804a800 Exception <a 'java/lang/ArrayIndexOutOfBoundsException': 71> (0x00000000e36f6060) thrown at [/builddir/build/BUILD/java-1.8.0-openjdk-1.8.0.252.b09-2.el7_8.x86_64/openjdk/hotspot/src/share/vm/interpreter/interpreterRuntime.cpp, line 371]
Event: 1,386 Thread 0x00007f4ab804a800 Exception <a 'java/lang/ArrayIndexOutOfBoundsException': 18> (0x00000000e36f6dd8) thrown at [/builddir/build/BUILD/java-1.8.0-openjdk-1.8.0.252.b09-2.el7_8.x86_64/openjdk/hotspot/src/share/vm/interpreter/interpreterRuntime.cpp, line 371]
Event: 1,386 Thread 0x00007f4ab804a800 Exception <a 'java/lang/ArrayIndexOutOfBoundsException': 60> (0x00000000e36f7f78) thrown at [/builddir/build/BUILD/java-1.8.0-openjdk-1.8.0.252.b09-2.el7_8.x86_64/openjdk/hotspot/src/share/vm/interpreter/interpreterRuntime.cpp, line 371]
Event: 1,388 Thread 0x00007f4ab804a800 Exception <a 'java/lang/ArrayIndexOutOfBoundsException': 71> (0x00000000e36f9808) thrown at [/builddir/build/BUILD/java-1.8.0-openjdk-1.8.0.252.b09-2.el7_8.x86_64/openjdk/hotspot/src/share/vm/interpreter/interpreterRuntime.cpp, line 371]
Event: 1,771 Thread 0x00007f4ab804a800 Exception <a 'java/lang/NoSuchFieldError': method resolution failed> (0x00000000e3bcb180) thrown at [/builddir/build/BUILD/java-1.8.0-openjdk-1.8.0.252.b09-2.el7_8.x86_64/openjdk/hotspot/src/share/vm/prims/methodHandles.cpp, line 1167]
Event: 1,774 Thread 0x00007f4ab804a800 Exception <a 'java/lang/NoSuchFieldError': method resolution failed> (0x00000000e3bd8840) thrown at [/builddir/build/BUILD/java-1.8.0-openjdk-1.8.0.252.b09-2.el7_8.x86_64/openjdk/hotspot/src/share/vm/prims/methodHandles.cpp, line 1167]
Event: 2,149 Thread 0x00007f4ab804a800 Exception <a 'java/lang/NoClassDefFoundError': org/slf4j/impl/StaticLoggerBinder> (0x00000000e2a47948) thrown at [/builddir/build/BUILD/java-1.8.0-openjdk-1.8.0.252.b09-2.el7_8.x86_64/openjdk/hotspot/src/share/vm/classfile/systemDictionary.cpp, line 199]

Events (250 events):
Event: 151,873 loading class org/apache/hive/service/rpc/thrift/TCLIService$GetResultSetMetadata_result$GetResultSetMetadata_resultStandardSchemeFactory done
Event: 151,875 loading class org/apache/hive/service/rpc/thrift/TCLIService$GetResultSetMetadata_result$GetResultSetMetadata_resultTupleSchemeFactory
Event: 151,875 loading class org/apache/hive/service/rpc/thrift/TCLIService$GetResultSetMetadata_result$GetResultSetMetadata_resultTupleSchemeFactory done
Event: 151,875 loading class org/apache/hive/service/rpc/thrift/TCLIService$GetResultSetMetadata_result$_Fields
Event: 151,875 loading class org/apache/hive/service/rpc/thrift/TCLIService$GetResultSetMetadata_result$_Fields done
Event: 151,878 loading class org/apache/hive/service/rpc/thrift/TCLIService$GetResultSetMetadata_result$GetResultSetMetadata_resultStandardScheme
Event: 151,878 loading class org/apache/hive/service/rpc/thrift/TCLIService$GetResultSetMetadata_result$GetResultSetMetadata_resultStandardScheme done
Event: 151,898 loading class org/apache/hive/service/rpc/thrift/TGetResultSetMetadataResp$TGetResultSetMetadataRespStandardSchemeFactory
Event: 151,898 loading class org/apache/hive/service/rpc/thrift/TGetResultSetMetadataResp$TGetResultSetMetadataRespStandardSchemeFactory done
Event: 151,899 loading class org/apache/hive/service/rpc/thrift/TGetResultSetMetadataResp$TGetResultSetMetadataRespTupleSchemeFactory
Event: 151,899 loading class org/apache/hive/service/rpc/thrift/TGetResultSetMetadataResp$TGetResultSetMetadataRespTupleSchemeFactory done
Event: 151,900 loading class org/apache/hive/service/rpc/thrift/TGetResultSetMetadataResp$_Fields
Event: 151,900 loading class org/apache/hive/service/rpc/thrift/TGetResultSetMetadataResp$_Fields done
Event: 151,900 loading class org/apache/hive/service/rpc/thrift/TTableSchema
Event: 151,900 loading class org/apache/hive/service/rpc/thrift/TTableSchema done
Event: 151,902 loading class org/apache/hive/service/rpc/thrift/TGetResultSetMetadataResp$TGetResultSetMetadataRespStandardScheme
Event: 151,902 loading class org/apache/hive/service/rpc/thrift/TGetResultSetMetadataResp$TGetResultSetMetadataRespStandardScheme done
Event: 151,904 loading class org/apache/hive/service/rpc/thrift/TTableSchema$TTableSchemaStandardSchemeFactory
Event: 151,904 loading class org/apache/hive/service/rpc/thrift/TTableSchema$TTableSchemaStandardSchemeFactory done
Event: 151,904 loading class org/apache/hive/service/rpc/thrift/TTableSchema$TTableSchemaTupleSchemeFactory
Event: 151,904 loading class org/apache/hive/service/rpc/thrift/TTableSchema$TTableSchemaTupleSchemeFactory done
Event: 151,904 loading class org/apache/hive/service/rpc/thrift/TTableSchema$_Fields
Event: 151,904 loading class org/apache/hive/service/rpc/thrift/TTableSchema$_Fields done
Event: 151,905 loading class org/apache/hive/service/rpc/thrift/TColumnDesc
Event: 151,905 loading class org/apache/hive/service/rpc/thrift/TColumnDesc done
Event: 151,906 loading class org/apache/hive/service/rpc/thrift/TTableSchema$TTableSchemaStandardScheme
Event: 151,906 loading class org/apache/hive/service/rpc/thrift/TTableSchema$TTableSchemaStandardScheme done
Event: 151,907 loading class org/apache/hive/service/rpc/thrift/TColumnDesc$TColumnDescStandardSchemeFactory
Event: 151,907 loading class org/apache/hive/service/rpc/thrift/TColumnDesc$TColumnDescStandardSchemeFactory done
Event: 151,907 loading class org/apache/hive/service/rpc/thrift/TColumnDesc$TColumnDescTupleSchemeFactory
Event: 151,907 loading class org/apache/hive/service/rpc/thrift/TColumnDesc$TColumnDescTupleSchemeFactory done
Event: 151,907 loading class org/apache/hive/service/rpc/thrift/TColumnDesc$_Fields
Event: 151,907 loading class org/apache/hive/service/rpc/thrift/TColumnDesc$_Fields done
Event: 151,908 loading class org/apache/hive/service/rpc/thrift/TTypeDesc
Event: 151,908 loading class org/apache/hive/service/rpc/thrift/TTypeDesc done
Event: 151,909 loading class org/apache/hive/service/rpc/thrift/TColumnDesc$TColumnDescStandardScheme
Event: 151,909 loading class org/apache/hive/service/rpc/thrift/TColumnDesc$TColumnDescStandardScheme done
Event: 151,911 loading class org/apache/hive/service/rpc/thrift/TTypeDesc$TTypeDescStandardSchemeFactory
Event: 151,911 loading class org/apache/hive/service/rpc/thrift/TTypeDesc$TTypeDescStandardSchemeFactory done
Event: 151,911 loading class org/apache/hive/service/rpc/thrift/TTypeDesc$TTypeDescTupleSchemeFactory
Event: 151,911 loading class org/apache/hive/service/rpc/thrift/TTypeDesc$TTypeDescTupleSchemeFactory done
Event: 151,912 loading class org/apache/hive/service/rpc/thrift/TTypeDesc$_Fields
Event: 151,912 loading class org/apache/hive/service/rpc/thrift/TTypeDesc$_Fields done
Event: 151,913 loading class org/apache/hive/service/rpc/thrift/TTypeEntry
Event: 151,913 loading class org/apache/hive/service/rpc/thrift/TTypeEntry done
Event: 151,915 loading class org/apache/hive/org/apache/thrift/TUnion
Event: 151,915 loading class org/apache/hive/org/apache/thrift/TUnion done
Event: 151,915 loading class org/apache/hive/service/rpc/thrift/TTypeDesc$TTypeDescStandardScheme
Event: 151,915 loading class org/apache/hive/service/rpc/thrift/TTypeDesc$TTypeDescStandardScheme done
Event: 151,917 loading class org/apache/hive/org/apache/thrift/TUnion$TUnionStandardSchemeFactory
Event: 151,917 loading class org/apache/hive/org/apache/thrift/TUnion$TUnionStandardSchemeFactory done
Event: 151,918 loading class org/apache/hive/org/apache/thrift/TUnion$TUnionTupleSchemeFactory
Event: 151,918 loading class org/apache/hive/org/apache/thrift/TUnion$TUnionTupleSchemeFactory done
Event: 151,918 loading class org/apache/hive/service/rpc/thrift/TTypeEntry$_Fields
Event: 151,918 loading class org/apache/hive/service/rpc/thrift/TTypeEntry$_Fields done
Event: 151,919 loading class org/apache/hive/service/rpc/thrift/TPrimitiveTypeEntry
Event: 151,919 loading class org/apache/hive/service/rpc/thrift/TPrimitiveTypeEntry done
Event: 151,920 loading class org/apache/hive/service/rpc/thrift/TArrayTypeEntry
Event: 151,920 loading class org/apache/hive/service/rpc/thrift/TArrayTypeEntry done
Event: 151,921 loading class org/apache/hive/service/rpc/thrift/TMapTypeEntry
Event: 151,921 loading class org/apache/hive/service/rpc/thrift/TMapTypeEntry done
Event: 151,922 loading class org/apache/hive/service/rpc/thrift/TStructTypeEntry
Event: 151,922 loading class org/apache/hive/service/rpc/thrift/TStructTypeEntry done
Event: 151,923 loading class org/apache/hive/service/rpc/thrift/TUnionTypeEntry
Event: 151,923 loading class org/apache/hive/service/rpc/thrift/TUnionTypeEntry done
Event: 151,968 loading class org/apache/hive/service/rpc/thrift/TUserDefinedTypeEntry
Event: 151,968 loading class org/apache/hive/service/rpc/thrift/TUserDefinedTypeEntry done
Event: 151,971 loading class org/apache/hive/org/apache/thrift/TUnion$TUnionStandardScheme
Event: 151,971 loading class org/apache/hive/org/apache/thrift/TUnion$TUnionStandardScheme done
Event: 151,972 loading class org/apache/hive/service/rpc/thrift/TTypeEntry$1
Event: 151,972 loading class org/apache/hive/service/rpc/thrift/TTypeEntry$1 done
Event: 151,973 loading class org/apache/hive/service/rpc/thrift/TPrimitiveTypeEntry$TPrimitiveTypeEntryStandardSchemeFactory
Event: 151,973 loading class org/apache/hive/service/rpc/thrift/TPrimitiveTypeEntry$TPrimitiveTypeEntryStandardSchemeFactory done
Event: 151,973 loading class org/apache/hive/service/rpc/thrift/TPrimitiveTypeEntry$TPrimitiveTypeEntryTupleSchemeFactory
Event: 151,973 loading class org/apache/hive/service/rpc/thrift/TPrimitiveTypeEntry$TPrimitiveTypeEntryTupleSchemeFactory done
Event: 151,973 loading class org/apache/hive/service/rpc/thrift/TPrimitiveTypeEntry$_Fields
Event: 151,973 loading class org/apache/hive/service/rpc/thrift/TPrimitiveTypeEntry$_Fields done
Event: 151,974 loading class org/apache/hive/service/rpc/thrift/TTypeId
Event: 151,974 loading class org/apache/hive/service/rpc/thrift/TTypeId done
Event: 151,974 loading class org/apache/hive/service/rpc/thrift/TTypeQualifiers
Event: 151,974 loading class org/apache/hive/service/rpc/thrift/TTypeQualifiers done
Event: 151,975 loading class org/apache/hive/service/rpc/thrift/TPrimitiveTypeEntry$TPrimitiveTypeEntryStandardScheme
Event: 151,975 loading class org/apache/hive/service/rpc/thrift/TPrimitiveTypeEntry$TPrimitiveTypeEntryStandardScheme done
Event: 151,976 loading class org/apache/hive/service/rpc/thrift/TTypeQualifiers$TTypeQualifiersStandardSchemeFactory
Event: 151,976 loading class org/apache/hive/service/rpc/thrift/TTypeQualifiers$TTypeQualifiersStandardSchemeFactory done
Event: 151,977 loading class org/apache/hive/service/rpc/thrift/TTypeQualifiers$TTypeQualifiersTupleSchemeFactory
Event: 151,977 loading class org/apache/hive/service/rpc/thrift/TTypeQualifiers$TTypeQualifiersTupleSchemeFactory done
Event: 151,977 loading class org/apache/hive/service/rpc/thrift/TTypeQualifiers$_Fields
Event: 151,977 loading class org/apache/hive/service/rpc/thrift/TTypeQualifiers$_Fields done
Event: 151,978 loading class org/apache/hive/service/rpc/thrift/TTypeQualifierValue
Event: 151,978 loading class org/apache/hive/service/rpc/thrift/TTypeQualifierValue done
Event: 151,978 loading class org/apache/hive/service/rpc/thrift/TTypeQualifiers$TTypeQualifiersStandardScheme
Event: 151,978 loading class org/apache/hive/service/rpc/thrift/TTypeQualifiers$TTypeQualifiersStandardScheme done
Event: 151,979 loading class org/apache/hive/service/rpc/thrift/TTypeQualifierValue$_Fields
Event: 151,979 loading class org/apache/hive/service/rpc/thrift/TTypeQualifierValue$_Fields done
Event: 151,979 loading class org/apache/hive/service/rpc/thrift/TTypeQualifierValue$1
Event: 151,979 loading class org/apache/hive/service/rpc/thrift/TTypeQualifierValue$1 done
Event: 151,980 loading class org/apache/hive/service/cli/TableSchema
Event: 151,980 loading class org/apache/hive/service/cli/TableSchema done
Event: 151,980 loading class org/apache/hive/service/cli/ColumnDescriptor
Event: 151,980 loading class org/apache/hive/service/cli/ColumnDescriptor done
Event: 151,981 loading class org/apache/hive/service/cli/TypeDescriptor
Event: 151,981 loading class org/apache/hive/service/cli/TypeDescriptor done
Event: 151,981 loading class org/apache/hadoop/hive/serde2/thrift/Type
Event: 151,981 loading class org/apache/hadoop/hive/serde2/thrift/Type done
Event: 151,983 loading class org/apache/hive/service/cli/TypeQualifiers
Event: 151,983 loading class org/apache/hive/service/cli/TypeQualifiers done
Event: 151,983 loading class org/apache/hive/service/rpc/thrift/TCLIServiceConstants
Event: 151,983 loading class org/apache/hive/service/rpc/thrift/TCLIServiceConstants done
Event: 151,984 loading class org/apache/hive/jdbc/HiveQueryResultSet$1
Event: 151,984 loading class org/apache/hive/jdbc/HiveQueryResultSet$1 done
Event: 151,984 loading class org/apache/hive/jdbc/JdbcColumnAttributes
Event: 151,984 loading class org/apache/hive/jdbc/JdbcColumnAttributes done
Event: 151,984 loading class java/util/Optional
Event: 151,984 loading class java/util/Optional done
Event: 151,984 loading class OutputResultSet
Event: 151,984 loading class OutputResultSet done
Event: 151,987 loading class org/apache/hive/jdbc/HiveResultSetMetaData
Event: 151,987 loading class org/apache/hive/jdbc/HiveResultSetMetaData done
Event: 151,989 loading class org/apache/hive/jdbc/JdbcColumn
Event: 151,989 loading class org/apache/hive/jdbc/JdbcColumn done
Event: 151,989 Thread 0x00007f4ab804a800 Uncommon trap: trap_request=0xffffff65 fr.pc=0x00007f4aa932870c
Event: 151,989 Thread 0x00007f4ab804a800 DEOPT PACKING pc=0x00007f4aa932870c sp=0x00007f4ac1143680
Event: 151,989 Thread 0x00007f4ab804a800 DEOPT UNPACKING pc=0x00007f4aa904547a sp=0x00007f4ac11435a0 mode 2
Event: 151,990 loading class org/apache/hive/service/rpc/thrift/TCLIService$FetchResults_args
Event: 151,990 loading class org/apache/hive/service/rpc/thrift/TCLIService$FetchResults_args done
Event: 151,991 loading class org/apache/hive/service/rpc/thrift/TCLIService$FetchResults_args$FetchResults_argsStandardSchemeFactory
Event: 151,991 loading class org/apache/hive/service/rpc/thrift/TCLIService$FetchResults_args$FetchResults_argsStandardSchemeFactory done
Event: 151,991 loading class org/apache/hive/service/rpc/thrift/TCLIService$FetchResults_args$FetchResults_argsTupleSchemeFactory
Event: 151,991 loading class org/apache/hive/service/rpc/thrift/TCLIService$FetchResults_args$FetchResults_argsTupleSchemeFactory done
Event: 151,992 loading class org/apache/hive/service/rpc/thrift/TCLIService$FetchResults_args$_Fields
Event: 151,992 loading class org/apache/hive/service/rpc/thrift/TCLIService$FetchResults_args$_Fields done
Event: 151,993 loading class org/apache/hive/service/rpc/thrift/TCLIService$FetchResults_args$FetchResults_argsStandardScheme
Event: 151,993 loading class org/apache/hive/service/rpc/thrift/TCLIService$FetchResults_args$FetchResults_argsStandardScheme done
Event: 151,993 loading class org/apache/hive/service/rpc/thrift/TFetchResultsReq$TFetchResultsReqStandardScheme
Event: 151,993 loading class org/apache/hive/service/rpc/thrift/TFetchResultsReq$TFetchResultsReqStandardScheme done
Event: 151,993 loading class org/apache/hive/service/rpc/thrift/TCLIService$FetchResults_result
Event: 151,993 loading class org/apache/hive/service/rpc/thrift/TCLIService$FetchResults_result done
Event: 151,994 loading class org/apache/hive/service/rpc/thrift/TCLIService$FetchResults_result$FetchResults_resultStandardSchemeFactory
Event: 151,994 loading class org/apache/hive/service/rpc/thrift/TCLIService$FetchResults_result$FetchResults_resultStandardSchemeFactory done
Event: 151,995 loading class org/apache/hive/service/rpc/thrift/TCLIService$FetchResults_result$FetchResults_resultTupleSchemeFactory
Event: 151,995 loading class org/apache/hive/service/rpc/thrift/TCLIService$FetchResults_result$FetchResults_resultTupleSchemeFactory done
Event: 151,995 loading class org/apache/hive/service/rpc/thrift/TCLIService$FetchResults_result$_Fields
Event: 151,995 loading class org/apache/hive/service/rpc/thrift/TCLIService$FetchResults_result$_Fields done
Event: 152,108 loading class org/apache/hive/service/rpc/thrift/TCLIService$FetchResults_result$FetchResults_resultStandardScheme
Event: 152,108 loading class org/apache/hive/service/rpc/thrift/TCLIService$FetchResults_result$FetchResults_resultStandardScheme done
Event: 152,109 loading class org/apache/hive/service/rpc/thrift/TFetchResultsResp$TFetchResultsRespStandardSchemeFactory
Event: 152,109 loading class org/apache/hive/service/rpc/thrift/TFetchResultsResp$TFetchResultsRespStandardSchemeFactory done
Event: 152,109 loading class org/apache/hive/service/rpc/thrift/TFetchResultsResp$TFetchResultsRespTupleSchemeFactory
Event: 152,109 loading class org/apache/hive/service/rpc/thrift/TFetchResultsResp$TFetchResultsRespTupleSchemeFactory done
Event: 152,109 loading class org/apache/hive/service/rpc/thrift/TFetchResultsResp$_Fields
Event: 152,109 loading class org/apache/hive/service/rpc/thrift/TFetchResultsResp$_Fields done
Event: 152,110 loading class org/apache/hive/service/rpc/thrift/TRowSet
Event: 152,110 loading class org/apache/hive/service/rpc/thrift/TRowSet done
Event: 152,111 loading class org/apache/hive/service/rpc/thrift/TFetchResultsResp$TFetchResultsRespStandardScheme
Event: 152,111 loading class org/apache/hive/service/rpc/thrift/TFetchResultsResp$TFetchResultsRespStandardScheme done
Event: 152,112 loading class org/apache/hive/service/rpc/thrift/TRowSet$TRowSetStandardSchemeFactory
Event: 152,112 loading class org/apache/hive/service/rpc/thrift/TRowSet$TRowSetStandardSchemeFactory done
Event: 152,112 loading class org/apache/hive/service/rpc/thrift/TRowSet$TRowSetTupleSchemeFactory
Event: 152,112 loading class org/apache/hive/service/rpc/thrift/TRowSet$TRowSetTupleSchemeFactory done
Event: 152,113 loading class org/apache/hive/service/rpc/thrift/TRowSet$_Fields
Event: 152,113 loading class org/apache/hive/service/rpc/thrift/TRowSet$_Fields done
Event: 152,113 loading class org/apache/hive/service/rpc/thrift/TRow
Event: 152,113 loading class org/apache/hive/service/rpc/thrift/TRow done
Event: 152,114 loading class org/apache/hive/service/rpc/thrift/TColumn
Event: 152,114 loading class org/apache/hive/service/rpc/thrift/TColumn done
Event: 152,115 loading class org/apache/hive/service/rpc/thrift/TRowSet$TRowSetStandardScheme
Event: 152,115 loading class org/apache/hive/service/rpc/thrift/TRowSet$TRowSetStandardScheme done
Event: 152,116 loading class org/apache/hive/service/rpc/thrift/TColumn$_Fields
Event: 152,116 loading class org/apache/hive/service/rpc/thrift/TColumn$_Fields done
Event: 152,117 loading class org/apache/hive/service/rpc/thrift/TBoolColumn
Event: 152,117 loading class org/apache/hive/service/rpc/thrift/TBoolColumn done
Event: 152,117 loading class org/apache/hive/service/rpc/thrift/TByteColumn
Event: 152,117 loading class org/apache/hive/service/rpc/thrift/TByteColumn done
Event: 152,118 loading class org/apache/hive/service/rpc/thrift/TI16Column
Event: 152,118 loading class org/apache/hive/service/rpc/thrift/TI16Column done
Event: 152,119 loading class org/apache/hive/service/rpc/thrift/TI32Column
Event: 152,119 loading class org/apache/hive/service/rpc/thrift/TI32Column done
Event: 152,119 loading class org/apache/hive/service/rpc/thrift/TI64Column
Event: 152,119 loading class org/apache/hive/service/rpc/thrift/TI64Column done
Event: 152,120 loading class org/apache/hive/service/rpc/thrift/TDoubleColumn
Event: 152,120 loading class org/apache/hive/service/rpc/thrift/TDoubleColumn done
Event: 152,120 loading class org/apache/hive/service/rpc/thrift/TStringColumn
Event: 152,120 loading class org/apache/hive/service/rpc/thrift/TStringColumn done
Event: 152,121 loading class org/apache/hive/service/rpc/thrift/TBinaryColumn
Event: 152,121 loading class org/apache/hive/service/rpc/thrift/TBinaryColumn done
Event: 152,121 loading class org/apache/hive/service/rpc/thrift/TColumn$1
Event: 152,121 loading class org/apache/hive/service/rpc/thrift/TColumn$1 done
Event: 152,122 loading class org/apache/hive/service/rpc/thrift/TStringColumn$TStringColumnStandardSchemeFactory
Event: 152,122 loading class org/apache/hive/service/rpc/thrift/TStringColumn$TStringColumnStandardSchemeFactory done
Event: 152,122 loading class org/apache/hive/service/rpc/thrift/TStringColumn$TStringColumnTupleSchemeFactory
Event: 152,122 loading class org/apache/hive/service/rpc/thrift/TStringColumn$TStringColumnTupleSchemeFactory done
Event: 152,122 loading class org/apache/hive/service/rpc/thrift/TStringColumn$_Fields
Event: 152,122 loading class org/apache/hive/service/rpc/thrift/TStringColumn$_Fields done
Event: 152,122 loading class org/apache/hive/service/rpc/thrift/TStringColumn$TStringColumnStandardScheme
Event: 152,122 loading class org/apache/hive/service/rpc/thrift/TStringColumn$TStringColumnStandardScheme done
Event: 152,123 loading class org/apache/hive/service/rpc/thrift/TI32Column$TI32ColumnStandardSchemeFactory
Event: 152,123 loading class org/apache/hive/service/rpc/thrift/TI32Column$TI32ColumnStandardSchemeFactory done
Event: 152,123 loading class org/apache/hive/service/rpc/thrift/TI32Column$TI32ColumnTupleSchemeFactory
Event: 152,123 loading class org/apache/hive/service/rpc/thrift/TI32Column$TI32ColumnTupleSchemeFactory done
Event: 152,123 loading class org/apache/hive/service/rpc/thrift/TI32Column$_Fields
Event: 152,123 loading class org/apache/hive/service/rpc/thrift/TI32Column$_Fields done
Event: 152,124 loading class org/apache/hive/service/rpc/thrift/TI32Column$TI32ColumnStandardScheme
Event: 152,124 loading class org/apache/hive/service/rpc/thrift/TI32Column$TI32ColumnStandardScheme done
Event: 152,125 loading class org/apache/hive/service/rpc/thrift/TI64Column$TI64ColumnStandardSchemeFactory
Event: 152,125 loading class org/apache/hive/service/rpc/thrift/TI64Column$TI64ColumnStandardSchemeFactory done
Event: 152,125 loading class org/apache/hive/service/rpc/thrift/TI64Column$TI64ColumnTupleSchemeFactory
Event: 152,125 loading class org/apache/hive/service/rpc/thrift/TI64Column$TI64ColumnTupleSchemeFactory done
Event: 152,125 loading class org/apache/hive/service/rpc/thrift/TI64Column$_Fields
Event: 152,125 loading class org/apache/hive/service/rpc/thrift/TI64Column$_Fields done
Event: 152,125 loading class org/apache/hive/service/rpc/thrift/TI64Column$TI64ColumnStandardScheme
Event: 152,125 loading class org/apache/hive/service/rpc/thrift/TI64Column$TI64ColumnStandardScheme done
Event: 152,126 loading class org/apache/hive/service/cli/RowSetFactory
Event: 152,126 loading class org/apache/hive/service/cli/RowSetFactory done
Event: 152,126 loading class org/apache/hive/service/cli/RowSet
Event: 152,126 loading class org/apache/hive/service/cli/RowSet done
Event: 152,127 loading class org/apache/hive/service/cli/ColumnBasedSet
Event: 152,127 loading class org/apache/hive/service/cli/ColumnBasedSet done
Event: 152,128 loading class org/apache/hive/org/slf4j/ext/EventData
Event: 152,128 loading class org/apache/hive/org/slf4j/ext/EventData done
Event: 152,128 loading class org/apache/hive/org/slf4j/ext/EventData
Event: 152,128 loading class org/apache/hive/org/slf4j/ext/EventData done
Event: 152,128 loading class org/apache/hadoop/hive/serde2/thrift/ColumnBuffer
Event: 152,128 loading class org/apache/hadoop/hive/serde2/thrift/ColumnBuffer done
Event: 152,129 loading class org/apache/hive/org/apache/thrift/TBaseHelper
Event: 152,129 loading class org/apache/hive/org/apache/thrift/TBaseHelper done
Event: 152,130 loading class org/apache/hive/org/apache/thrift/TBaseHelper$NestedStructureComparator
Event: 152,130 loading class org/apache/hive/org/apache/thrift/TBaseHelper$NestedStructureComparator done
Event: 152,130 loading class org/apache/hive/com/google/common/primitives/Ints
Event: 152,130 loading class org/apache/hive/com/google/common/primitives/Ints done
Event: 152,131 Thread 0x00007f4ab804a800 DEOPT PACKING pc=0x00007f4aa937d113 sp=0x00007f4ac1141820
Event: 152,131 Thread 0x00007f4ab804a800 DEOPT UNPACKING pc=0x00007f4aa90474c4 sp=0x00007f4ac11415a0 mode 0
Event: 152,134 loading class org/apache/hive/com/google/common/primitives/Ints$IntConverter
Event: 152,134 loading class org/apache/hive/com/google/common/primitives/Ints$IntConverter done
Event: 152,139 loading class org/apache/hive/com/google/common/primitives/Ints$IntArrayAsList
Event: 152,139 loading class org/apache/hive/com/google/common/primitives/Ints$IntArrayAsList done
Event: 152,139 loading class org/apache/hive/com/google/common/primitives/Longs
Event: 152,139 loading class org/apache/hive/com/google/common/primitives/Longs done
Event: 152,143 loading class org/apache/hive/com/google/common/primitives/Longs$LongConverter
Event: 152,143 loading class org/apache/hive/com/google/common/primitives/Longs$LongConverter done
Event: 152,143 loading class org/apache/hive/com/google/common/primitives/Longs$LongArrayAsList
Event: 152,143 loading class org/apache/hive/com/google/common/primitives/Longs$LongArrayAsList done
Event: 152,143 loading class org/apache/hive/service/cli/ColumnBasedSet$1
Event: 152,143 loading class org/apache/hive/service/cli/ColumnBasedSet$1 done
Event: 152,144 loading class org/apache/hadoop/hive/serde2/thrift/ColumnBuffer$1
Event: 152,144 loading class org/apache/hadoop/hive/serde2/thrift/ColumnBuffer$1 done
Event: 152,187 Thread 0x00007f4ab804a800 DEOPT PACKING pc=0x00007f4aa93ab36c sp=0x00007f4ac1143690
Event: 152,187 Thread 0x00007f4ab804a800 DEOPT UNPACKING pc=0x00007f4aa90474c4 sp=0x00007f4ac1143538 mode 0
Event: 152,191 Executing VM operation: ParallelGCFailedAllocation
Event: 152,202 Executing VM operation: ParallelGCFailedAllocation done


Dynamic libraries:
a7800000-bb180000 rw-p 00000000 00:00 0 
cd200000-e2800000 ---p 00000000 00:00 0 
e2800000-e4600000 rw-p 00000000 00:00 0 
e4600000-100000000 ---p 00000000 00:00 0 
100000000-100260000 rw-p 00000000 00:00 0 
100260000-140000000 ---p 00000000 00:00 0 
556fbf2a7000-556fbf2a8000 r-xp 00000000 fd:00 42081481                   /usr/lib/jvm/java-1.8.0-openjdk-1.8.0.252.b09-2.el7_8.x86_64/jre/bin/java
556fbf4a7000-556fbf4a8000 r--p 00000000 fd:00 42081481                   /usr/lib/jvm/java-1.8.0-openjdk-1.8.0.252.b09-2.el7_8.x86_64/jre/bin/java
556fbf4a8000-556fbf4a9000 rw-p 00001000 fd:00 42081481                   /usr/lib/jvm/java-1.8.0-openjdk-1.8.0.252.b09-2.el7_8.x86_64/jre/bin/java
556fc063c000-556fc065d000 rw-p 00000000 00:00 0                          [heap]
7f4a64000000-7f4a64318000 rw-p 00000000 00:00 0 
7f4a64318000-7f4a68000000 ---p 00000000 00:00 0 
7f4a68000000-7f4a68021000 rw-p 00000000 00:00 0 
7f4a68021000-7f4a6c000000 ---p 00000000 00:00 0 
7f4a6c000000-7f4a6c021000 rw-p 00000000 00:00 0 
7f4a6c021000-7f4a70000000 ---p 00000000 00:00 0 
7f4a70000000-7f4a70021000 rw-p 00000000 00:00 0 
7f4a70021000-7f4a74000000 ---p 00000000 00:00 0 
7f4a74000000-7f4a74021000 rw-p 00000000 00:00 0 
7f4a74021000-7f4a78000000 ---p 00000000 00:00 0 
7f4a78000000-7f4a78021000 rw-p 00000000 00:00 0 
7f4a78021000-7f4a7c000000 ---p 00000000 00:00 0 
7f4a7c000000-7f4a7c204000 rw-p 00000000 00:00 0 
7f4a7c204000-7f4a80000000 ---p 00000000 00:00 0 
7f4a80000000-7f4a803e7000 rw-p 00000000 00:00 0 
7f4a803e7000-7f4a84000000 ---p 00000000 00:00 0 
7f4a84000000-7f4a84021000 rw-p 00000000 00:00 0 
7f4a84021000-7f4a88000000 ---p 00000000 00:00 0 
7f4a88c9c000-7f4a88d08000 rw-p 00000000 00:00 0 
7f4a88d08000-7f4a88e9c000 ---p 00000000 00:00 0 
7f4a88e9c000-7f4a8909c000 rw-p 00000000 00:00 0 
7f4a8909c000-7f4a8929c000 rw-p 00000000 00:00 0 
7f4a8929c000-7f4a892b6000 r-xp 00000000 fd:00 67217077                   /usr/lib/jvm/java-1.8.0-openjdk-1.8.0.252.b09-2.el7_8.x86_64/jre/lib/amd64/libsunec.so
7f4a892b6000-7f4a894b5000 ---p 0001a000 fd:00 67217077                   /usr/lib/jvm/java-1.8.0-openjdk-1.8.0.252.b09-2.el7_8.x86_64/jre/lib/amd64/libsunec.so
7f4a894b5000-7f4a894b6000 r--p 00019000 fd:00 67217077                   /usr/lib/jvm/java-1.8.0-openjdk-1.8.0.252.b09-2.el7_8.x86_64/jre/lib/amd64/libsunec.so
7f4a894b6000-7f4a894b7000 rw-p 0001a000 fd:00 67217077                   /usr/lib/jvm/java-1.8.0-openjdk-1.8.0.252.b09-2.el7_8.x86_64/jre/lib/amd64/libsunec.so
7f4a894b7000-7f4a894b8000 rw-p 00000000 00:00 0 
7f4a894b8000-7f4a894bb000 ---p 00000000 00:00 0 
7f4a894bb000-7f4a895b9000 rw-p 00000000 00:00 0 
7f4a895b9000-7f4a895bc000 ---p 00000000 00:00 0 
7f4a895bc000-7f4a896ba000 rw-p 00000000 00:00 0 
7f4a896ba000-7f4a896bd000 ---p 00000000 00:00 0 
7f4a896bd000-7f4a897bb000 rw-p 00000000 00:00 0 
7f4a897bb000-7f4a897be000 ---p 00000000 00:00 0 
7f4a897be000-7f4a898bc000 rw-p 00000000 00:00 0 
7f4a898bc000-7f4a898bd000 r-xp 00000000 fd:00 67217011                   /usr/lib/jvm/java-1.8.0-openjdk-1.8.0.252.b09-2.el7_8.x86_64/jre/lib/amd64/libjaas_unix.so
7f4a898bd000-7f4a89abc000 ---p 00001000 fd:00 67217011                   /usr/lib/jvm/java-1.8.0-openjdk-1.8.0.252.b09-2.el7_8.x86_64/jre/lib/amd64/libjaas_unix.so
7f4a89abc000-7f4a89abd000 r--p 00000000 fd:00 67217011                   /usr/lib/jvm/java-1.8.0-openjdk-1.8.0.252.b09-2.el7_8.x86_64/jre/lib/amd64/libjaas_unix.so
7f4a89abd000-7f4a89abe000 rw-p 00001000 fd:00 67217011                   /usr/lib/jvm/java-1.8.0-openjdk-1.8.0.252.b09-2.el7_8.x86_64/jre/lib/amd64/libjaas_unix.so
7f4a89abe000-7f4a90000000 r--p 00000000 fd:00 33557896                   /usr/lib/locale/locale-archive
7f4a90000000-7f4a90021000 rw-p 00000000 00:00 0 
7f4a90021000-7f4a94000000 ---p 00000000 00:00 0 
7f4a94000000-7f4a94021000 rw-p 00000000 00:00 0 
7f4a94021000-7f4a98000000 ---p 00000000 00:00 0 
7f4a98000000-7f4a98021000 rw-p 00000000 00:00 0 
7f4a98021000-7f4a9c000000 ---p 00000000 00:00 0 
7f4a9c000000-7f4a9c021000 rw-p 00000000 00:00 0 
7f4a9c021000-7f4aa0000000 ---p 00000000 00:00 0 
7f4aa0000000-7f4aa0021000 rw-p 00000000 00:00 0 
7f4aa0021000-7f4aa4000000 ---p 00000000 00:00 0 
7f4aa4017000-7f4aa4018000 rw-p 00000000 00:00 0 
7f4aa4018000-7f4aa401f000 r--s 00000000 fd:00 33565795                   /usr/lib64/gconv/gconv-modules.cache
7f4aa401f000-7f4aa4043000 r--p 00000000 fd:00 101090404                  /usr/share/locale/pl/LC_MESSAGES/libc.mo
7f4aa4043000-7f4aa4048000 r--s 00046000 fd:00 100689952                  /usr/lib/jvm/java-1.8.0-openjdk-1.8.0.252.b09-2.el7_8.x86_64/jre/lib/ext/sunjce_provider.jar
7f4aa4048000-7f4aa4248000 rw-p 00000000 00:00 0 
7f4aa4248000-7f4aa424b000 ---p 00000000 00:00 0 
7f4aa424b000-7f4aa4349000 rw-p 00000000 00:00 0 
7f4aa4349000-7f4aa434c000 ---p 00000000 00:00 0 
7f4aa434c000-7f4aa4582000 rw-p 00000000 00:00 0 
7f4aa4582000-7f4aa459d000 r--s 001d6000 fd:00 100689945                  /usr/lib/jvm/java-1.8.0-openjdk-1.8.0.252.b09-2.el7_8.x86_64/jre/lib/ext/nashorn.jar
7f4aa459d000-7f4aa479d000 rw-p 00000000 00:00 0 
7f4aa479d000-7f4aa47d2000 r--s 00000000 fd:00 33798159                   /var/db/nscd/hosts
7f4aa47d2000-7f4aa47db000 r-xp 00000000 fd:00 67217020                   /usr/lib/jvm/java-1.8.0-openjdk-1.8.0.252.b09-2.el7_8.x86_64/jre/lib/amd64/libmanagement.so
7f4aa47db000-7f4aa49da000 ---p 00009000 fd:00 67217020                   /usr/lib/jvm/java-1.8.0-openjdk-1.8.0.252.b09-2.el7_8.x86_64/jre/lib/amd64/libmanagement.so
7f4aa49da000-7f4aa49db000 r--p 00008000 fd:00 67217020                   /usr/lib/jvm/java-1.8.0-openjdk-1.8.0.252.b09-2.el7_8.x86_64/jre/lib/amd64/libmanagement.so
7f4aa49db000-7f4aa49dc000 rw-p 00009000 fd:00 67217020                   /usr/lib/jvm/java-1.8.0-openjdk-1.8.0.252.b09-2.el7_8.x86_64/jre/lib/amd64/libmanagement.so
7f4aa49dc000-7f4aa49e0000 r--s 00041000 fd:00 100689954                  /usr/lib/jvm/java-1.8.0-openjdk-1.8.0.252.b09-2.el7_8.x86_64/jre/lib/ext/sunpkcs11.jar
7f4aa49e0000-7f4aa4a42000 rw-p 00000000 00:00 0 
7f4aa4a42000-7f4aa4cd8000 r--s 02597000 fd:00 102891898                  /home/perf/mytpcds/HadoopAuth/target/HadoopAuth-1.0-SNAPSHOT-jar-with-dependencies.jar
7f4aa4cd8000-7f4aa4e63000 rw-p 00000000 00:00 0 
7f4aa4e63000-7f4aa588d000 r--s 08f8c000 fd:00 69973296                   /usr/hdp/3.1.0.0-78/hive/jdbc/hive-jdbc-3.1.0.3.1.0.0-78-standalone.jar
7f4aa588d000-7f4aa58a5000 r-xp 00000000 fd:00 67217022                   /usr/lib/jvm/java-1.8.0-openjdk-1.8.0.252.b09-2.el7_8.x86_64/jre/lib/amd64/libnet.so
7f4aa58a5000-7f4aa5aa4000 ---p 00018000 fd:00 67217022                   /usr/lib/jvm/java-1.8.0-openjdk-1.8.0.252.b09-2.el7_8.x86_64/jre/lib/amd64/libnet.so
7f4aa5aa4000-7f4aa5aa5000 r--p 00017000 fd:00 67217022                   /usr/lib/jvm/java-1.8.0-openjdk-1.8.0.252.b09-2.el7_8.x86_64/jre/lib/amd64/libnet.so
7f4aa5aa5000-7f4aa5aa6000 rw-p 00018000 fd:00 67217022                   /usr/lib/jvm/java-1.8.0-openjdk-1.8.0.252.b09-2.el7_8.x86_64/jre/lib/amd64/libnet.so
7f4aa5aa6000-7f4aa5ab8000 r-xp 00000000 fd:00 67217023                   /usr/lib/jvm/java-1.8.0-openjdk-1.8.0.252.b09-2.el7_8.x86_64/jre/lib/amd64/libnio.so
7f4aa5ab8000-7f4aa5cb7000 ---p 00012000 fd:00 67217023                   /usr/lib/jvm/java-1.8.0-openjdk-1.8.0.252.b09-2.el7_8.x86_64/jre/lib/amd64/libnio.so
7f4aa5cb7000-7f4aa5cb8000 r--p 00011000 fd:00 67217023                   /usr/lib/jvm/java-1.8.0-openjdk-1.8.0.252.b09-2.el7_8.x86_64/jre/lib/amd64/libnio.so
7f4aa5cb8000-7f4aa5cb9000 rw-p 00012000 fd:00 67217023                   /usr/lib/jvm/java-1.8.0-openjdk-1.8.0.252.b09-2.el7_8.x86_64/jre/lib/amd64/libnio.so
7f4aa5cb9000-7f4aa5cba000 ---p 00000000 00:00 0 
7f4aa5cba000-7f4aa5dba000 rw-p 00000000 00:00 0 
7f4aa5dba000-7f4aa5dbd000 ---p 00000000 00:00 0 
7f4aa5dbd000-7f4aa5ebb000 rw-p 00000000 00:00 0 
7f4aa5ebb000-7f4aa5ebf000 ---p 00000000 00:00 0 
7f4aa5ebf000-7f4aa5fbc000 rw-p 00000000 00:00 0 
7f4aa5fbc000-7f4aa5fc0000 ---p 00000000 00:00 0 
7f4aa5fc0000-7f4aa60bd000 rw-p 00000000 00:00 0 
7f4aa60bd000-7f4aa60c0000 ---p 00000000 00:00 0 
7f4aa60c0000-7f4aa61be000 rw-p 00000000 00:00 0 
7f4aa61be000-7f4aa61c1000 ---p 00000000 00:00 0 
7f4aa61c1000-7f4aa62bf000 rw-p 00000000 00:00 0 
7f4aa62bf000-7f4aa62c2000 ---p 00000000 00:00 0 
7f4aa62c2000-7f4aa9000000 rw-p 00000000 00:00 0 
7f4aa9000000-7f4aa93c0000 rwxp 00000000 00:00 0 
7f4aa93c0000-7f4ab8000000 ---p 00000000 00:00 0 
7f4ab8000000-7f4ab88c4000 rw-p 00000000 00:00 0 
7f4ab88c4000-7f4abc000000 ---p 00000000 00:00 0 
7f4abc000000-7f4abc002000 rw-p 00000000 00:00 0 
7f4abc002000-7f4abc004000 r--s 00019000 fd:00 67217085                   /usr/lib/jvm/java-1.8.0-openjdk-1.8.0.252.b09-2.el7_8.x86_64/jre/lib/jce.jar
7f4abc004000-7f4abc020000 r--s 003b6000 fd:00 107607036                  /usr/lib/jvm/java-1.8.0-openjdk-1.8.0.252.b09-2.el7_8.x86_64/jre/lib/ext/cldrdata.jar
7f4abc020000-7f4abc051000 rw-p 00000000 00:00 0 
7f4abc051000-7f4abc052000 ---p 00000000 00:00 0 
7f4abc052000-7f4abcaeb000 rw-p 00000000 00:00 0 
7f4abcaeb000-7f4abccbd000 r--s 0449b000 fd:00 67477971                   /usr/lib/jvm/java-1.8.0-openjdk-1.8.0.252.b09-2.el7_8.x86_64/jre/lib/rt.jar
7f4abccbd000-7f4abd852000 rw-p 00000000 00:00 0 
7f4abd852000-7f4abd853000 ---p 00000000 00:00 0 
7f4abd853000-7f4abd953000 rw-p 00000000 00:00 0 
7f4abd953000-7f4abd954000 ---p 00000000 00:00 0 
7f4abd954000-7f4abdaf1000 rw-p 00000000 00:00 0 
7f4abdaf1000-7f4abdc2c000 ---p 00000000 00:00 0 
7f4abdc2c000-7f4abdcc9000 rw-p 00000000 00:00 0 
7f4abdcc9000-7f4abde04000 ---p 00000000 00:00 0 
7f4abde04000-7f4abde13000 rw-p 00000000 00:00 0 
7f4abde13000-7f4abdef0000 ---p 00000000 00:00 0 
7f4abdef0000-7f4abdf00000 rw-p 00000000 00:00 0 
7f4abdf00000-7f4abe2b1000 ---p 00000000 00:00 0 
7f4abe2b1000-7f4abe2b9000 r-xp 00000000 fd:00 67217080                   /usr/lib/jvm/java-1.8.0-openjdk-1.8.0.252.b09-2.el7_8.x86_64/jre/lib/amd64/libzip.so
7f4abe2b9000-7f4abe4b8000 ---p 00008000 fd:00 67217080                   /usr/lib/jvm/java-1.8.0-openjdk-1.8.0.252.b09-2.el7_8.x86_64/jre/lib/amd64/libzip.so
7f4abe4b8000-7f4abe4b9000 r--p 00007000 fd:00 67217080                   /usr/lib/jvm/java-1.8.0-openjdk-1.8.0.252.b09-2.el7_8.x86_64/jre/lib/amd64/libzip.so
7f4abe4b9000-7f4abe4ba000 rw-p 00008000 fd:00 67217080                   /usr/lib/jvm/java-1.8.0-openjdk-1.8.0.252.b09-2.el7_8.x86_64/jre/lib/amd64/libzip.so
7f4abe4ba000-7f4abe4e4000 r-xp 00000000 fd:00 67217012                   /usr/lib/jvm/java-1.8.0-openjdk-1.8.0.252.b09-2.el7_8.x86_64/jre/lib/amd64/libjava.so
7f4abe4e4000-7f4abe6e3000 ---p 0002a000 fd:00 67217012                   /usr/lib/jvm/java-1.8.0-openjdk-1.8.0.252.b09-2.el7_8.x86_64/jre/lib/amd64/libjava.so
7f4abe6e3000-7f4abe6e4000 r--p 00029000 fd:00 67217012                   /usr/lib/jvm/java-1.8.0-openjdk-1.8.0.252.b09-2.el7_8.x86_64/jre/lib/amd64/libjava.so
7f4abe6e4000-7f4abe6e6000 rw-p 0002a000 fd:00 67217012                   /usr/lib/jvm/java-1.8.0-openjdk-1.8.0.252.b09-2.el7_8.x86_64/jre/lib/amd64/libjava.so
7f4abe6e6000-7f4abe6f3000 r-xp 00000000 fd:00 67217079                   /usr/lib/jvm/java-1.8.0-openjdk-1.8.0.252.b09-2.el7_8.x86_64/jre/lib/amd64/libverify.so
7f4abe6f3000-7f4abe8f2000 ---p 0000d000 fd:00 67217079                   /usr/lib/jvm/java-1.8.0-openjdk-1.8.0.252.b09-2.el7_8.x86_64/jre/lib/amd64/libverify.so
7f4abe8f2000-7f4abe8f4000 r--p 0000c000 fd:00 67217079                   /usr/lib/jvm/java-1.8.0-openjdk-1.8.0.252.b09-2.el7_8.x86_64/jre/lib/amd64/libverify.so
7f4abe8f4000-7f4abe8f5000 rw-p 0000e000 fd:00 67217079                   /usr/lib/jvm/java-1.8.0-openjdk-1.8.0.252.b09-2.el7_8.x86_64/jre/lib/amd64/libverify.so
7f4abe8f5000-7f4abe8fc000 r-xp 00000000 fd:00 321343                     /usr/lib64/librt-2.17.so
7f4abe8fc000-7f4abeafb000 ---p 00007000 fd:00 321343                     /usr/lib64/librt-2.17.so
7f4abeafb000-7f4abeafc000 r--p 00006000 fd:00 321343                     /usr/lib64/librt-2.17.so
7f4abeafc000-7f4abeafd000 rw-p 00007000 fd:00 321343                     /usr/lib64/librt-2.17.so
7f4abeafd000-7f4abeb12000 r-xp 00000000 fd:00 7382745                    /usr/lib64/libgcc_s-4.8.5-20150702.so.1
7f4abeb12000-7f4abed11000 ---p 00015000 fd:00 7382745                    /usr/lib64/libgcc_s-4.8.5-20150702.so.1
7f4abed11000-7f4abed12000 r--p 00014000 fd:00 7382745                    /usr/lib64/libgcc_s-4.8.5-20150702.so.1
7f4abed12000-7f4abed13000 rw-p 00015000 fd:00 7382745                    /usr/lib64/libgcc_s-4.8.5-20150702.so.1
7f4abed13000-7f4abee14000 r-xp 00000000 fd:00 12347                      /usr/lib64/libm-2.17.so
7f4abee14000-7f4abf013000 ---p 00101000 fd:00 12347                      /usr/lib64/libm-2.17.so
7f4abf013000-7f4abf014000 r--p 00100000 fd:00 12347                      /usr/lib64/libm-2.17.so
7f4abf014000-7f4abf015000 rw-p 00101000 fd:00 12347                      /usr/lib64/libm-2.17.so
7f4abf015000-7f4abf0fe000 r-xp 00000000 fd:00 191834                     /usr/lib64/libstdc++.so.6.0.19
7f4abf0fe000-7f4abf2fd000 ---p 000e9000 fd:00 191834                     /usr/lib64/libstdc++.so.6.0.19
7f4abf2fd000-7f4abf305000 r--p 000e8000 fd:00 191834                     /usr/lib64/libstdc++.so.6.0.19
7f4abf305000-7f4abf307000 rw-p 000f0000 fd:00 191834                     /usr/lib64/libstdc++.so.6.0.19
7f4abf307000-7f4abf31c000 rw-p 00000000 00:00 0 
7f4abf31c000-7f4ac0017000 r-xp 00000000 fd:00 36346281                   /usr/lib/jvm/java-1.8.0-openjdk-1.8.0.252.b09-2.el7_8.x86_64/jre/lib/amd64/server/libjvm.so
7f4ac0017000-7f4ac0217000 ---p 00cfb000 fd:00 36346281                   /usr/lib/jvm/java-1.8.0-openjdk-1.8.0.252.b09-2.el7_8.x86_64/jre/lib/amd64/server/libjvm.so
7f4ac0217000-7f4ac02c3000 r--p 00cfb000 fd:00 36346281                   /usr/lib/jvm/java-1.8.0-openjdk-1.8.0.252.b09-2.el7_8.x86_64/jre/lib/amd64/server/libjvm.so
7f4ac02c3000-7f4ac02ed000 rw-p 00da7000 fd:00 36346281                   /usr/lib/jvm/java-1.8.0-openjdk-1.8.0.252.b09-2.el7_8.x86_64/jre/lib/amd64/server/libjvm.so
7f4ac02ed000-7f4ac0320000 rw-p 00000000 00:00 0 
7f4ac0320000-7f4ac04e3000 r-xp 00000000 fd:00 12339                      /usr/lib64/libc-2.17.so
7f4ac04e3000-7f4ac06e3000 ---p 001c3000 fd:00 12339                      /usr/lib64/libc-2.17.so
7f4ac06e3000-7f4ac06e7000 r--p 001c3000 fd:00 12339                      /usr/lib64/libc-2.17.so
7f4ac06e7000-7f4ac06e9000 rw-p 001c7000 fd:00 12339                      /usr/lib64/libc-2.17.so
7f4ac06e9000-7f4ac06ee000 rw-p 00000000 00:00 0 
7f4ac06ee000-7f4ac06f0000 r-xp 00000000 fd:00 12345                      /usr/lib64/libdl-2.17.so
7f4ac06f0000-7f4ac08f0000 ---p 00002000 fd:00 12345                      /usr/lib64/libdl-2.17.so
7f4ac08f0000-7f4ac08f1000 r--p 00002000 fd:00 12345                      /usr/lib64/libdl-2.17.so
7f4ac08f1000-7f4ac08f2000 rw-p 00003000 fd:00 12345                      /usr/lib64/libdl-2.17.so
7f4ac08f2000-7f4ac0900000 r-xp 00000000 fd:00 122280                     /usr/lib/jvm/java-1.8.0-openjdk-1.8.0.252.b09-2.el7_8.x86_64/jre/lib/amd64/jli/libjli.so
7f4ac0900000-7f4ac0aff000 ---p 0000e000 fd:00 122280                     /usr/lib/jvm/java-1.8.0-openjdk-1.8.0.252.b09-2.el7_8.x86_64/jre/lib/amd64/jli/libjli.so
7f4ac0aff000-7f4ac0b00000 r--p 0000d000 fd:00 122280                     /usr/lib/jvm/java-1.8.0-openjdk-1.8.0.252.b09-2.el7_8.x86_64/jre/lib/amd64/jli/libjli.so
7f4ac0b00000-7f4ac0b01000 rw-p 0000e000 fd:00 122280                     /usr/lib/jvm/java-1.8.0-openjdk-1.8.0.252.b09-2.el7_8.x86_64/jre/lib/amd64/jli/libjli.so
7f4ac0b01000-7f4ac0b16000 r-xp 00000000 fd:00 1131                       /usr/lib64/libz.so.1.2.7
7f4ac0b16000-7f4ac0d15000 ---p 00015000 fd:00 1131                       /usr/lib64/libz.so.1.2.7
7f4ac0d15000-7f4ac0d16000 r--p 00014000 fd:00 1131                       /usr/lib64/libz.so.1.2.7
7f4ac0d16000-7f4ac0d17000 rw-p 00015000 fd:00 1131                       /usr/lib64/libz.so.1.2.7
7f4ac0d17000-7f4ac0d2e000 r-xp 00000000 fd:00 321337                     /usr/lib64/libpthread-2.17.so
7f4ac0d2e000-7f4ac0f2d000 ---p 00017000 fd:00 321337                     /usr/lib64/libpthread-2.17.so
7f4ac0f2d000-7f4ac0f2e000 r--p 00016000 fd:00 321337                     /usr/lib64/libpthread-2.17.so
7f4ac0f2e000-7f4ac0f2f000 rw-p 00017000 fd:00 321337                     /usr/lib64/libpthread-2.17.so
7f4ac0f2f000-7f4ac0f33000 rw-p 00000000 00:00 0 
7f4ac0f33000-7f4ac0f55000 r-xp 00000000 fd:00 17440                      /usr/lib64/ld-2.17.so
7f4ac0f55000-7f4ac0f56000 r--s 0000c000 fd:00 100689946                  /usr/lib/jvm/java-1.8.0-openjdk-1.8.0.252.b09-2.el7_8.x86_64/jre/lib/ext/sunec.jar
7f4ac0f56000-7f4ac0f61000 r--s 0011c000 fd:00 100689942                  /usr/lib/jvm/java-1.8.0-openjdk-1.8.0.252.b09-2.el7_8.x86_64/jre/lib/ext/localedata.jar
7f4ac0f61000-7f4ac1007000 rw-p 00000000 00:00 0 
7f4ac1007000-7f4ac100f000 rw-s 00000000 fd:00 101124232                  /tmp/hsperfdata_perf/12668
7f4ac100f000-7f4ac1044000 r--s 00000000 fd:00 33798118                   /var/db/nscd/passwd
7f4ac1044000-7f4ac1048000 ---p 00000000 00:00 0 
7f4ac1048000-7f4ac114a000 rw-p 00000000 00:00 0 
7f4ac114a000-7f4ac114f000 r--s 000c1000 fd:00 67217120                   /usr/lib/jvm/java-1.8.0-openjdk-1.8.0.252.b09-2.el7_8.x86_64/jre/lib/jsse.jar
7f4ac114f000-7f4ac1151000 r--s 0000e000 fd:00 475215                     /home/perf/mytpcds/RunQueries/target/RunQueries-1.0-SNAPSHOT-jar-with-dependencies.jar
7f4ac1151000-7f4ac1152000 rw-p 00000000 00:00 0 
7f4ac1152000-7f4ac1153000 r--p 00000000 00:00 0 
7f4ac1153000-7f4ac1154000 rw-p 00000000 00:00 0 
7f4ac1154000-7f4ac1155000 r--p 00021000 fd:00 17440                      /usr/lib64/ld-2.17.so
7f4ac1155000-7f4ac1156000 rw-p 00022000 fd:00 17440                      /usr/lib64/ld-2.17.so
7f4ac1156000-7f4ac1157000 rw-p 00000000 00:00 0 
7ffc4fda5000-7ffc4fdc6000 rw-p 00000000 00:00 0                          [stack]
7ffc4fdcd000-7ffc4fdcf000 r-xp 00000000 00:00 0                          [vdso]
ffffffffff600000-ffffffffff601000 r-xp 00000000 00:00 0                  [vsyscall]

VM Arguments:
jvm_args: -Djava.security.auth.login.config=env/kerberos-hive.jaas 
java_command: RunMain -url jdbc:hive2://mdp1.sb.com:2181,mdp2.sb.com:2181,mdp3.sb.com:2181/perfdb;serviceDiscoveryMode=zooKeeper;zooKeeperNamespace=hiveserver2;principal=hive/_HOST@CENTOS.COM.REALM -user perf -password XXXX -hadoopKerberos -removeSemi -f /tmp/tmp.CpQy8G0PJX/query00 -query
java_class_path (initial): RunQueries/target/RunQueries-1.0-SNAPSHOT-jar-with-dependencies.jar:/usr/hdp/current/hive-client/jdbc/hive-jdbc-3.1.0.3.1.0.0-78-standalone.jar:HadoopAuth/target/HadoopAuth-1.0-SNAPSHOT-jar-with-dependencies.jar
Launcher Type: SUN_STANDARD

Environment Variables:
PATH=/usr/lib64/qt-3.3/bin:/usr/local/bin:/usr/bin:/usr/local/sbin:/usr/sbin:/home/perf/.local/bin:/home/perf/bin
SHELL=/bin/bash

Signal Handlers:
SIGSEGV: [libjvm.so+0xae0410], sa_mask[0]=11111111011111111101111111111110, sa_flags=SA_RESTART|SA_SIGINFO
SIGBUS: [libjvm.so+0xae0410], sa_mask[0]=11111111011111111101111111111110, sa_flags=SA_RESTART|SA_SIGINFO
SIGFPE: [libjvm.so+0x8be640], sa_mask[0]=11111111011111111101111111111110, sa_flags=SA_RESTART|SA_SIGINFO
SIGPIPE: [libjvm.so+0x8be640], sa_mask[0]=11111111011111111101111111111110, sa_flags=SA_RESTART|SA_SIGINFO
SIGXFSZ: [libjvm.so+0x8be640], sa_mask[0]=11111111011111111101111111111110, sa_flags=SA_RESTART|SA_SIGINFO
SIGILL: [libjvm.so+0x8be640], sa_mask[0]=11111111011111111101111111111110, sa_flags=SA_RESTART|SA_SIGINFO
SIGUSR1: SIG_DFL, sa_mask[0]=00000000000000000000000000000000, sa_flags=none
SIGUSR2: [libjvm.so+0x8be4f0], sa_mask[0]=00000000000000000000000000000000, sa_flags=SA_RESTART|SA_SIGINFO
SIGHUP: [libjvm.so+0x8be700], sa_mask[0]=11111111011111111101111111111110, sa_flags=SA_RESTART|SA_SIGINFO
SIGINT: [libjvm.so+0x8be700], sa_mask[0]=11111111011111111101111111111110, sa_flags=SA_RESTART|SA_SIGINFO
SIGTERM: [libjvm.so+0x8be700], sa_mask[0]=11111111011111111101111111111110, sa_flags=SA_RESTART|SA_SIGINFO
SIGQUIT: [libjvm.so+0x8be700], sa_mask[0]=11111111011111111101111111111110, sa_flags=SA_RESTART|SA_SIGINFO


---------------  S Y S T E M  ---------------

OS:CentOS Linux release 7.8.2003 (Core)

uname:Linux 3.10.0-1127.13.1.el7.x86_64 #1 SMP Tue Jun 23 15:46:38 UTC 2020 x86_64
libc:glibc 2.17 NPTL 2.17 
rlimit: STACK 8192k, CORE 0k, NPROC 4096, NOFILE 10000, AS infinity
load average:9,97 9,58 6,92

/proc/meminfo:
MemTotal:        5799276 kB
MemFree:          121992 kB
MemAvailable:      29588 kB
Buffers:               0 kB
Cached:            42904 kB
SwapCached:        16448 kB
Active:          4346820 kB
Inactive:        1101796 kB
Active(anon):    4330488 kB
Inactive(anon):  1087204 kB
Active(file):      16332 kB
Inactive(file):    14592 kB
Unevictable:           0 kB
Mlocked:               0 kB
SwapTotal:       4063228 kB
SwapFree:            284 kB
Dirty:                 4 kB
Writeback:            76 kB
AnonPages:       5389824 kB
Mapped:            17744 kB
Shmem:             11792 kB
Slab:              85036 kB
SReclaimable:      40776 kB
SUnreclaim:        44260 kB
KernelStack:       32208 kB
PageTables:        37496 kB
NFS_Unstable:          0 kB
Bounce:                0 kB
WritebackTmp:          0 kB
CommitLimit:     6962864 kB
Committed_AS:   19981540 kB
VmallocTotal:   34359738367 kB
VmallocUsed:      155128 kB
VmallocChunk:   34359406588 kB
Percpu:              352 kB
HardwareCorrupted:     0 kB
AnonHugePages:    876544 kB
CmaTotal:              0 kB
CmaFree:               0 kB
HugePages_Total:       0
HugePages_Free:        0
HugePages_Rsvd:        0
HugePages_Surp:        0
Hugepagesize:       2048 kB
DirectMap4k:       69596 kB
DirectMap2M:     6074368 kB

container (cgroup) information:
container_type: cgroupv1
cpu_cpuset_cpus: 0-1
cpu_memory_nodes: 0
active_processor_count: 2
cpu_quota: -1
cpu_period: 100000
cpu_shares: -1
memory_limit_in_bytes: -1
memory_and_swap_limit_in_bytes: -1
memory_soft_limit_in_bytes: -1
memory_usage_in_bytes: 5500940288
memory_max_usage_in_bytes: 0


CPU:total 2 (initial active 2) (1 cores per cpu, 1 threads per core) family 6 model 94 stepping 3, cmov, cx8, fxsr, mmx, sse, sse2, sse3, ssse3, sse4.1, sse4.2, popcnt, avx, avx2, aes, clmul, erms, rtm, 3dnowpref, lzcnt, tsc, bmi1, bmi2, adx

/proc/cpuinfo:
processor	: 0
vendor_id	: GenuineIntel
cpu family	: 6
model		: 94
model name	: Intel Core Processor (Skylake, IBRS)
stepping	: 3
microcode	: 0x1
cpu MHz		: 2711.998
cache size	: 4096 KB
physical id	: 0
siblings	: 1
core id		: 0
cpu cores	: 1
apicid		: 0
initial apicid	: 0
fpu		: yes
fpu_exception	: yes
cpuid level	: 13
wp		: yes
flags		: fpu vme de pse tsc msr pae mce cx8 apic sep mtrr pge mca cmov pat pse36 clflush mmx fxsr sse sse2 syscall nx rdtscp lm constant_tsc rep_good nopl eagerfpu pni pclmulqdq ssse3 fma cx16 pcid sse4_1 sse4_2 x2apic movbe popcnt tsc_deadline_timer aes xsave avx f16c rdrand hypervisor lahf_lm abm 3dnowprefetch invpcid_single ibrs ibpb fsgsbase bmi1 hle avx2 smep bmi2 erms invpcid rtm mpx rdseed adx smap xsaveopt xsavec xgetbv1 spec_ctrl
bogomips	: 5423.99
clflush size	: 64
cache_alignment	: 64
address sizes	: 39 bits physical, 48 bits virtual
power management:

processor	: 1
vendor_id	: GenuineIntel
cpu family	: 6
model		: 94
model name	: Intel Core Processor (Skylake, IBRS)
stepping	: 3
microcode	: 0x1
cpu MHz		: 2711.998
cache size	: 4096 KB
physical id	: 1
siblings	: 1
core id		: 0
cpu cores	: 1
apicid		: 1
initial apicid	: 1
fpu		: yes
fpu_exception	: yes
cpuid level	: 13
wp		: yes
flags		: fpu vme de pse tsc msr pae mce cx8 apic sep mtrr pge mca cmov pat pse36 clflush mmx fxsr sse sse2 syscall nx rdtscp lm constant_tsc rep_good nopl eagerfpu pni pclmulqdq ssse3 fma cx16 pcid sse4_1 sse4_2 x2apic movbe popcnt tsc_deadline_timer aes xsave avx f16c rdrand hypervisor lahf_lm abm 3dnowprefetch invpcid_single ibrs ibpb fsgsbase bmi1 hle avx2 smep bmi2 erms invpcid rtm mpx rdseed adx smap xsaveopt xsavec xgetbv1 spec_ctrl
bogomips	: 5423.99
clflush size	: 64
cache_alignment	: 64
address sizes	: 39 bits physical, 48 bits virtual
power management:



Memory: 4k page, physical 5799276k(121868k free), swap 4063228k(288k free)

vm_info: OpenJDK 64-Bit Server VM (25.252-b09) for linux-amd64 JRE (1.8.0_252-b09), built on Apr 29 2020 09:01:52 by "mockbuild" with gcc 4.8.5 20150623 (Red Hat 4.8.5-39)

time: Sat Jun 27 22:17:35 2020
timezone: CEST
elapsed time: 153 seconds (0d 0h 2m 33s)

