/tmp/mytpcds/bigsqlqueries/query00  started ...
query00 | query1.tpl | PASSED | 26
/tmp/mytpcds/bigsqlqueries/query01  started ...
-- start query 2 in stream 0 using template query2.tpl
query01 | query2.tpl | PASSED | 111
/tmp/mytpcds/bigsqlqueries/query02  started ...
query02 | query3.tpl | PASSED | 82
/tmp/mytpcds/bigsqlqueries/query03  started ...
query03 | query4.tpl | PASSED | 1108
/tmp/mytpcds/bigsqlqueries/query04  started ...
query04 | query5.tpl | PASSED | 257
/tmp/mytpcds/bigsqlqueries/query05  started ...
query05 | query6.tpl | PASSED | 53
/tmp/mytpcds/bigsqlqueries/query06  started ...
query06 | query7.tpl | PASSED | 230
/tmp/mytpcds/bigsqlqueries/query07  started ...
query07 | query8.tpl | PASSED | 82
/tmp/mytpcds/bigsqlqueries/query08  started ...
query08 | query9.tpl | PASSED | 745
/tmp/mytpcds/bigsqlqueries/query09  started ...
query09 | query10.tpl | PASSED | 46
/tmp/mytpcds/bigsqlqueries/query10  started ...
query10 | query11.tpl | PASSED | 521
/tmp/mytpcds/bigsqlqueries/query11  started ...
query11 | query12.tpl | PASSED | 22
/tmp/mytpcds/bigsqlqueries/query12  started ...
query12 | query13.tpl | PASSED | 317
/tmp/mytpcds/bigsqlqueries/query13  started ...
-- start query 14 in stream 0 using template query14.tpl
query13 | query14.tpl | FAILED 
/tmp/mytpcds/bigsqlqueries/query14  started ...
query14 | query15.tpl | PASSED | 13
/tmp/mytpcds/bigsqlqueries/query15  started ...
query15 | query16.tpl | PASSED | 5
/tmp/mytpcds/bigsqlqueries/query16  started ...
query16 | query17.tpl | PASSED | 84
/tmp/mytpcds/bigsqlqueries/query17  started ...
query17 | query18.tpl | PASSED | 62
/tmp/mytpcds/bigsqlqueries/query18  started ...
query18 | query19.tpl | PASSED | 98
/tmp/mytpcds/bigsqlqueries/query19  started ...
query19 | query20.tpl | PASSED | 2
/tmp/mytpcds/bigsqlqueries/query20  started ...
query20 | query21.tpl | PASSED | 2
/tmp/mytpcds/bigsqlqueries/query21  started ...
query21 | query22.tpl | FAILED 
/tmp/mytpcds/bigsqlqueries/query22  started ...
-- start query 23 in stream 0 using template query23.tpl
query22 | query23.tpl | PASSED | 1448
/tmp/mytpcds/bigsqlqueries/query23  started ...
query23 | query24.tpl | PASSED | 229
/tmp/mytpcds/bigsqlqueries/query24  started ...
query24 | query25.tpl | PASSED | 140
/tmp/mytpcds/bigsqlqueries/query25  started ...
query25 | query26.tpl | PASSED | 37
/tmp/mytpcds/bigsqlqueries/query26  started ...
query26 | query27.tpl | PASSED | 227
/tmp/mytpcds/bigsqlqueries/query27  started ...
query27 | query28.tpl | PASSED | 1228
/tmp/mytpcds/bigsqlqueries/query28  started ...
query28 | query29.tpl | PASSED | 103
/tmp/mytpcds/bigsqlqueries/query29  started ...
query29 | query30.tpl | PASSED | 11
/tmp/mytpcds/bigsqlqueries/query30  started ...
query30 | query31.tpl | PASSED | 115
/tmp/mytpcds/bigsqlqueries/query31  started ...
query31 | query32.tpl | PASSED | 82
/tmp/mytpcds/bigsqlqueries/query32  started ...
query32 | query33.tpl | PASSED | 117
/tmp/mytpcds/bigsqlqueries/query33  started ...
query33 | query34.tpl | PASSED | 58
/tmp/mytpcds/bigsqlqueries/query34  started ...
query34 | query35.tpl | PASSED | 61
/tmp/mytpcds/bigsqlqueries/query35  started ...
query35 | query36.tpl | PASSED | 159
/tmp/mytpcds/bigsqlqueries/query36  started ...
query36 | query37.tpl | PASSED | 1
/tmp/mytpcds/bigsqlqueries/query37  started ...
query37 | query38.tpl | PASSED | 126
/tmp/mytpcds/bigsqlqueries/query38  started ...
query38 | query39.tpl | PASSED | 8
/tmp/mytpcds/bigsqlqueries/query39  started ...
query39 | query40.tpl | PASSED | 72
/tmp/mytpcds/bigsqlqueries/query40  started ...
query40 | query41.tpl | PASSED | 1
/tmp/mytpcds/bigsqlqueries/query41  started ...
query41 | query42.tpl | PASSED | 79
/tmp/mytpcds/bigsqlqueries/query42  started ...
query42 | query43.tpl | PASSED | 87
/tmp/mytpcds/bigsqlqueries/query43  started ...
query43 | query44.tpl | PASSED | 163
/tmp/mytpcds/bigsqlqueries/query44  started ...
query44 | query45.tpl | PASSED | 28
/tmp/mytpcds/bigsqlqueries/query45  started ...
query45 | query46.tpl | PASSED | 186
/tmp/mytpcds/bigsqlqueries/query46  started ...
query46 | query47.tpl | PASSED | 190
/tmp/mytpcds/bigsqlqueries/query47  started ...
query47 | query48.tpl | PASSED | 180
/tmp/mytpcds/bigsqlqueries/query48  started ...
-- start query 49 in stream 0 using template query49.tpl
query48 | query49.tpl | PASSED | 346
/tmp/mytpcds/bigsqlqueries/query49  started ...
query49 | query50.tpl | PASSED | 101
/tmp/mytpcds/bigsqlqueries/query50  started ...
query50 | query51.tpl | PASSED | 168
/tmp/mytpcds/bigsqlqueries/query51  started ...
query51 | query52.tpl | PASSED | 84
/tmp/mytpcds/bigsqlqueries/query52  started ...
query52 | query53.tpl | PASSED | 99
/tmp/mytpcds/bigsqlqueries/query53  started ...
query53 | query54.tpl | PASSED | 238
/tmp/mytpcds/bigsqlqueries/query54  started ...
query54 | query55.tpl | PASSED | 78
/tmp/mytpcds/bigsqlqueries/query55  started ...
query55 | query56.tpl | PASSED | 118
/tmp/mytpcds/bigsqlqueries/query56  started ...
query56 | query57.tpl | PASSED | 47
/tmp/mytpcds/bigsqlqueries/query57  started ...
query57 | query58.tpl | PASSED | 104
/tmp/mytpcds/bigsqlqueries/query58  started ...
query58 | query59.tpl | PASSED | 263
/tmp/mytpcds/bigsqlqueries/query59  started ...
query59 | query60.tpl | PASSED | 126
/tmp/mytpcds/bigsqlqueries/query60  started ...
query60 | query61.tpl | PASSED | 1
/tmp/mytpcds/bigsqlqueries/query61  started ...
query61 | query62.tpl | PASSED | 18
/tmp/mytpcds/bigsqlqueries/query62  started ...
query62 | query63.tpl | PASSED | 97
/tmp/mytpcds/bigsqlqueries/query63  started ...
query63 | query64.tpl | PASSED | 773
/tmp/mytpcds/bigsqlqueries/query64  started ...
query64 | query65.tpl | PASSED | 120
/tmp/mytpcds/bigsqlqueries/query65  started ...
query65 | query66.tpl | PASSED | 72
/tmp/mytpcds/bigsqlqueries/query66  started ...
query66 | query67.tpl | PASSED | 381
/tmp/mytpcds/bigsqlqueries/query67  started ...
query67 | query68.tpl | PASSED | 250
/tmp/mytpcds/bigsqlqueries/query68  started ...
query68 | query69.tpl | PASSED | 43
/tmp/mytpcds/bigsqlqueries/query69  started ...
query69 | query70.tpl | PASSED | 183
/tmp/mytpcds/bigsqlqueries/query70  started ...
query70 | query71.tpl | PASSED | 114
/tmp/mytpcds/bigsqlqueries/query71  started ...
query71 | query72.tpl | PASSED | 133
/tmp/mytpcds/bigsqlqueries/query72  started ...
query72 | query73.tpl | PASSED | 57
/tmp/mytpcds/bigsqlqueries/query73  started ...
query73 | query74.tpl | PASSED | 261
/tmp/mytpcds/bigsqlqueries/query74  started ...
query74 | query75.tpl | PASSED | 315
/tmp/mytpcds/bigsqlqueries/query75  started ...
query75 | query76.tpl | PASSED | 164
/tmp/mytpcds/bigsqlqueries/query76  started ...
-- start query 77 in stream 0 using template query77.tpl
query76 | query77.tpl | PASSED | 207
/tmp/mytpcds/bigsqlqueries/query77  started ...
query77 | query78.tpl | PASSED | 884
/tmp/mytpcds/bigsqlqueries/query78  started ...
query78 | query79.tpl | PASSED | 196
/tmp/mytpcds/bigsqlqueries/query79  started ...
query79 | query80.tpl | PASSED | 524
/tmp/mytpcds/bigsqlqueries/query80  started ...
query80 | query81.tpl | PASSED | 17
/tmp/mytpcds/bigsqlqueries/query81  started ...
query81 | query82.tpl | PASSED | 29
/tmp/mytpcds/bigsqlqueries/query82  started ...
query82 | query83.tpl | PASSED | 8
/tmp/mytpcds/bigsqlqueries/query83  started ...
query83 | query84.tpl | PASSED | 5
/tmp/mytpcds/bigsqlqueries/query84  started ...
query84 | query85.tpl | PASSED | 53
/tmp/mytpcds/bigsqlqueries/query85  started ...
query85 | query86.tpl | PASSED | 25
/tmp/mytpcds/bigsqlqueries/query86  started ...
query86 | query87.tpl | FAILED 
/tmp/mytpcds/bigsqlqueries/query87  started ...
query87 | query88.tpl | FAILED 
/tmp/mytpcds/bigsqlqueries/query88  started ...
query88 | query89.tpl | PASSED | 122
/tmp/mytpcds/bigsqlqueries/query89  started ...
query89 | query90.tpl | PASSED | 22
/tmp/mytpcds/bigsqlqueries/query90  started ...
query90 | query91.tpl | PASSED | 6
/tmp/mytpcds/bigsqlqueries/query91  started ...
query91 | query92.tpl | PASSED | 44
/tmp/mytpcds/bigsqlqueries/query92  started ...
query92 | query93.tpl | PASSED | 0
/tmp/mytpcds/bigsqlqueries/query93  started ...
query93 | query94.tpl | PASSED | 55
/tmp/mytpcds/bigsqlqueries/query94  started ...
query94 | query95.tpl | PASSED | 245
/tmp/mytpcds/bigsqlqueries/query95  started ...
query95 | query96.tpl | PASSED | 34
/tmp/mytpcds/bigsqlqueries/query96  started ...
query96 | query97.tpl | PASSED | 212
/tmp/mytpcds/bigsqlqueries/query97  started ...
query97 | query98.tpl | PASSED | 81
/tmp/mytpcds/bigsqlqueries/query98  started ...
query98 | query99.tpl | PASSED | 28
ALL | 17708
PASSED
/tmp/mytpcds/bigsqlqueries/query00  started ...
query00 | query1.tpl | PASSED | 28
/tmp/mytpcds/bigsqlqueries/query01  started ...
-- start query 2 in stream 0 using template query2.tpl
query01 | query2.tpl | PASSED | 113
/tmp/mytpcds/bigsqlqueries/query02  started ...
query02 | query3.tpl | PASSED | 84
/tmp/mytpcds/bigsqlqueries/query03  started ...
